<?xml version="1.0" encoding="utf-8"?>
<TestRun id="ecb7b9f1-809c-435b-98ac-06fe72fbf2a1" name="Leo@DESKTOP-EDAQIN7 2026-02-07 11:49:32" runUser="DESKTOP-EDAQIN7\Leo" xmlns="http://microsoft.com/schemas/VisualStudio/TeamTest/2010">
  <Times creation="2026-02-07T11:49:32.2758903-03:00" queuing="2026-02-07T11:49:32.2758907-03:00" start="2026-02-07T11:49:31.0761023-03:00" finish="2026-02-07T11:49:32.4304815-03:00" />
  <TestSettings name="default" id="2ded31dd-334a-4ae0-a292-4afe287f663a">
    <Deployment runDeploymentRoot="Leo_DESKTOP-EDAQIN7_2026-02-07_11_49_32" />
  </TestSettings>
  <Results>
    <UnitTestResult executionId="948daa50-6c58-4901-8035-194a894a0102" testId="bef8ef1e-ddf3-5211-4a24-223487a60fc9" testName="BelaDesignHub.Api.Tests.Controllers.CustomersControllerTests.UpdateCustomer_WhenDoesNotExist_ShouldReturnNotFound" computerName="DESKTOP-EDAQIN7" duration="00:00:00.0065989" startTime="2026-02-07T11:49:32.1685144-03:00" endTime="2026-02-07T11:49:32.1685145-03:00" testType="13cdc9d9-ddb5-4fa4-a97d-d965ccfc6d4b" outcome="Failed" testListId="8c84fa94-04c1-424b-9868-57a2d4851a1d" relativeResultsDirectory="948daa50-6c58-4901-8035-194a894a0102">
      <Output>
        <ErrorInfo>
          <Message>System.InvalidOperationException : Record type 'BelaDesignHub.Application.Models.Requests.UpdateCustomerRequest' has validation metadata defined on property 'Address' that will be ignored. 'Address' is a parameter in the record primary constructor and validation metadata must be associated with the constructor parameter.</Message>
          <StackTrace>   at Microsoft.AspNetCore.Mvc.ModelBinding.ModelMetadata.ThrowIfRecordTypeHasValidationOnProperties()&#xD;
   at Microsoft.AspNetCore.Mvc.ModelBinding.Validation.DefaultComplexObjectValidationStrategy.Enumerator..ctor(ModelMetadata modelMetadata, String key, Object model)&#xD;
   at Microsoft.AspNetCore.Mvc.ModelBinding.Validation.DefaultComplexObjectValidationStrategy.GetChildren(ModelMetadata metadata, String key, Object model)&#xD;
   at Microsoft.AspNetCore.Mvc.ModelBinding.Validation.ValidationVisitor.VisitChildren(IValidationStrategy strategy)&#xD;
   at Microsoft.AspNetCore.Mvc.ModelBinding.Validation.ValidationVisitor.VisitComplexType(IValidationStrategy defaultStrategy)&#xD;
   at Microsoft.AspNetCore.Mvc.ModelBinding.Validation.ValidationVisitor.VisitImplementation(ModelMetadata&amp; metadata, String&amp; key, Object model)&#xD;
   at Microsoft.AspNetCore.Mvc.ModelBinding.Validation.ValidationVisitor.Visit(ModelMetadata metadata, String key, Object model)&#xD;
   at Microsoft.AspNetCore.Mvc.ModelBinding.ObjectModelValidator.Validate(ActionContext actionContext, ValidationStateDictionary validationState, String prefix, Object model, ModelMetadata metadata, Object container)&#xD;
   at Microsoft.AspNetCore.Mvc.ModelBinding.ParameterBinder.EnforceBindRequiredAndValidate(ObjectModelValidator baseObjectValidator, ActionContext actionContext, ParameterDescriptor parameter, ModelMetadata metadata, ModelBindingContext modelBindingContext, ModelBindingResult modelBindingResult, Object container)&#xD;
   at Microsoft.AspNetCore.Mvc.ModelBinding.ParameterBinder.BindModelAsync(ActionContext actionContext, IModelBinder modelBinder, IValueProvider valueProvider, ParameterDescriptor parameter, ModelMetadata metadata, Object value, Object container)&#xD;
   at Microsoft.AspNetCore.Mvc.Controllers.ControllerBinderDelegateProvider.&lt;&gt;c__DisplayClass0_0.&lt;&lt;CreateBinderDelegate&gt;g__Bind|0&gt;d.MoveNext()&#xD;
--- End of stack trace from previous location ---&#xD;
   at Microsoft.AspNetCore.Mvc.Infrastructure.ControllerActionInvoker.&lt;InvokeInnerFilterAsync&gt;g__Awaited|13_0(ControllerActionInvoker invoker, Task lastTask, State next, Scope scope, Object state, Boolean isCompleted)&#xD;
   at Microsoft.AspNetCore.Mvc.Infrastructure.ResourceInvoker.&lt;InvokeFilterPipelineAsync&gt;g__Awaited|20_0(ResourceInvoker invoker, Task lastTask, State next, Scope scope, Object state, Boolean isCompleted)&#xD;
   at Microsoft.AspNetCore.Mvc.Infrastructure.ResourceInvoker.&lt;InvokeAsync&gt;g__Awaited|17_0(ResourceInvoker invoker, Task task, IDisposable scope)&#xD;
   at Microsoft.AspNetCore.Mvc.Infrastructure.ResourceInvoker.&lt;InvokeAsync&gt;g__Awaited|17_0(ResourceInvoker invoker, Task task, IDisposable scope)&#xD;
   at Microsoft.AspNetCore.Authorization.AuthorizationMiddleware.Invoke(HttpContext context)&#xD;
   at Microsoft.AspNetCore.Authentication.AuthenticationMiddleware.Invoke(HttpContext context)&#xD;
   at Microsoft.AspNetCore.TestHost.HttpContextBuilder.&lt;&gt;c__DisplayClass23_0.&lt;&lt;SendAsync&gt;g__RunRequestAsync|0&gt;d.MoveNext()&#xD;
--- End of stack trace from previous location ---&#xD;
   at Microsoft.AspNetCore.TestHost.ClientHandler.SendAsync(HttpRequestMessage request, CancellationToken cancellationToken)&#xD;
   at Microsoft.AspNetCore.Mvc.Testing.Handlers.CookieContainerHandler.SendAsync(HttpRequestMessage request, CancellationToken cancellationToken)&#xD;
   at Microsoft.AspNetCore.Mvc.Testing.Handlers.RedirectHandler.SendAsync(HttpRequestMessage request, CancellationToken cancellationToken)&#xD;
   at System.Net.Http.HttpClient.&lt;SendAsync&gt;g__Core|83_0(HttpRequestMessage request, HttpCompletionOption completionOption, CancellationTokenSource cts, Boolean disposeCts, CancellationTokenSource pendingRequestsCts, CancellationToken originalCancellationToken)&#xD;
   at BelaDesignHub.Api.Tests.Controllers.CustomersControllerTests.UpdateCustomer_WhenDoesNotExist_ShouldReturnNotFound() in C:\git\bela-design-hub\backend\tests\BelaDesignHub.Api.Tests\Controllers\CustomersControllerTests.cs:line 75&#xD;
--- End of stack trace from previous location ---</StackTrace>
        </ErrorInfo>
      </Output>
    </UnitTestResult>
    <UnitTestResult executionId="6e65236e-d200-4685-a898-3a2da300dcf7" testId="322f1bc7-f24b-e58c-f545-303515143c5b" testName="BelaDesignHub.Api.Tests.Controllers.OrdersControllerTests.GetOrderById_ShouldReturnCreatedOrder" computerName="DESKTOP-EDAQIN7" duration="00:00:00.0015972" startTime="2026-02-07T11:49:32.2120970-03:00" endTime="2026-02-07T11:49:32.2120971-03:00" testType="13cdc9d9-ddb5-4fa4-a97d-d965ccfc6d4b" outcome="Failed" testListId="8c84fa94-04c1-424b-9868-57a2d4851a1d" relativeResultsDirectory="6e65236e-d200-4685-a898-3a2da300dcf7">
      <Output>
        <ErrorInfo>
          <Message>System.InvalidOperationException : Record type 'BelaDesignHub.Application.Models.Requests.CreateCustomerRequest' has validation metadata defined on property 'Address' that will be ignored. 'Address' is a parameter in the record primary constructor and validation metadata must be associated with the constructor parameter.</Message>
          <StackTrace>   at Microsoft.AspNetCore.Mvc.ModelBinding.ModelMetadata.ThrowIfRecordTypeHasValidationOnProperties()&#xD;
   at Microsoft.AspNetCore.Mvc.ModelBinding.Validation.DefaultComplexObjectValidationStrategy.Enumerator..ctor(ModelMetadata modelMetadata, String key, Object model)&#xD;
   at Microsoft.AspNetCore.Mvc.ModelBinding.Validation.DefaultComplexObjectValidationStrategy.GetChildren(ModelMetadata metadata, String key, Object model)&#xD;
   at Microsoft.AspNetCore.Mvc.ModelBinding.Validation.ValidationVisitor.VisitChildren(IValidationStrategy strategy)&#xD;
   at Microsoft.AspNetCore.Mvc.ModelBinding.Validation.ValidationVisitor.VisitComplexType(IValidationStrategy defaultStrategy)&#xD;
   at Microsoft.AspNetCore.Mvc.ModelBinding.Validation.ValidationVisitor.VisitImplementation(ModelMetadata&amp; metadata, String&amp; key, Object model)&#xD;
   at Microsoft.AspNetCore.Mvc.ModelBinding.Validation.ValidationVisitor.Visit(ModelMetadata metadata, String key, Object model)&#xD;
   at Microsoft.AspNetCore.Mvc.ModelBinding.ObjectModelValidator.Validate(ActionContext actionContext, ValidationStateDictionary validationState, String prefix, Object model, ModelMetadata metadata, Object container)&#xD;
   at Microsoft.AspNetCore.Mvc.ModelBinding.ParameterBinder.EnforceBindRequiredAndValidate(ObjectModelValidator baseObjectValidator, ActionContext actionContext, ParameterDescriptor parameter, ModelMetadata metadata, ModelBindingContext modelBindingContext, ModelBindingResult modelBindingResult, Object container)&#xD;
   at Microsoft.AspNetCore.Mvc.ModelBinding.ParameterBinder.BindModelAsync(ActionContext actionContext, IModelBinder modelBinder, IValueProvider valueProvider, ParameterDescriptor parameter, ModelMetadata metadata, Object value, Object container)&#xD;
   at Microsoft.AspNetCore.Mvc.Controllers.ControllerBinderDelegateProvider.&lt;&gt;c__DisplayClass0_0.&lt;&lt;CreateBinderDelegate&gt;g__Bind|0&gt;d.MoveNext()&#xD;
--- End of stack trace from previous location ---&#xD;
   at Microsoft.AspNetCore.Mvc.Infrastructure.ControllerActionInvoker.&lt;InvokeInnerFilterAsync&gt;g__Awaited|13_0(ControllerActionInvoker invoker, Task lastTask, State next, Scope scope, Object state, Boolean isCompleted)&#xD;
   at Microsoft.AspNetCore.Mvc.Infrastructure.ResourceInvoker.&lt;InvokeFilterPipelineAsync&gt;g__Awaited|20_0(ResourceInvoker invoker, Task lastTask, State next, Scope scope, Object state, Boolean isCompleted)&#xD;
   at Microsoft.AspNetCore.Mvc.Infrastructure.ResourceInvoker.&lt;InvokeAsync&gt;g__Awaited|17_0(ResourceInvoker invoker, Task task, IDisposable scope)&#xD;
   at Microsoft.AspNetCore.Mvc.Infrastructure.ResourceInvoker.&lt;InvokeAsync&gt;g__Awaited|17_0(ResourceInvoker invoker, Task task, IDisposable scope)&#xD;
   at Microsoft.AspNetCore.Authorization.AuthorizationMiddleware.Invoke(HttpContext context)&#xD;
   at Microsoft.AspNetCore.Authentication.AuthenticationMiddleware.Invoke(HttpContext context)&#xD;
   at Microsoft.AspNetCore.TestHost.HttpContextBuilder.&lt;&gt;c__DisplayClass23_0.&lt;&lt;SendAsync&gt;g__RunRequestAsync|0&gt;d.MoveNext()&#xD;
--- End of stack trace from previous location ---&#xD;
   at Microsoft.AspNetCore.TestHost.ClientHandler.SendAsync(HttpRequestMessage request, CancellationToken cancellationToken)&#xD;
   at Microsoft.AspNetCore.Mvc.Testing.Handlers.CookieContainerHandler.SendAsync(HttpRequestMessage request, CancellationToken cancellationToken)&#xD;
   at Microsoft.AspNetCore.Mvc.Testing.Handlers.RedirectHandler.SendAsync(HttpRequestMessage request, CancellationToken cancellationToken)&#xD;
   at System.Net.Http.HttpClient.&lt;SendAsync&gt;g__Core|83_0(HttpRequestMessage request, HttpCompletionOption completionOption, CancellationTokenSource cts, Boolean disposeCts, CancellationTokenSource pendingRequestsCts, CancellationToken originalCancellationToken)&#xD;
   at BelaDesignHub.Api.Tests.Controllers.OrdersControllerTests.CreateCustomerAsync(String name, String email) in C:\git\bela-design-hub\backend\tests\BelaDesignHub.Api.Tests\Controllers\OrdersControllerTests.cs:line 145&#xD;
   at BelaDesignHub.Api.Tests.Controllers.OrdersControllerTests.GetOrderById_ShouldReturnCreatedOrder() in C:\git\bela-design-hub\backend\tests\BelaDesignHub.Api.Tests\Controllers\OrdersControllerTests.cs:line 100&#xD;
--- End of stack trace from previous location ---</StackTrace>
        </ErrorInfo>
      </Output>
    </UnitTestResult>
    <UnitTestResult executionId="d6a31fe4-5c78-42da-8af1-658cc04d989e" testId="140138b4-7379-828f-3ff8-b0c0be150d6b" testName="BelaDesignHub.Api.Tests.Controllers.ExpensesControllerTests.UpdateExpense_ShouldReturnUpdatedEntity" computerName="DESKTOP-EDAQIN7" duration="00:00:00.0155565" startTime="2026-02-07T11:49:32.3777459-03:00" endTime="2026-02-07T11:49:32.3777462-03:00" testType="13cdc9d9-ddb5-4fa4-a97d-d965ccfc6d4b" outcome="Passed" testListId="8c84fa94-04c1-424b-9868-57a2d4851a1d" relativeResultsDirectory="d6a31fe4-5c78-42da-8af1-658cc04d989e" />
    <UnitTestResult executionId="8547726f-837c-43a7-9f97-3954f4be6025" testId="e7ad7d14-1c9f-9c1f-6eea-4b9fe78ad81b" testName="BelaDesignHub.Api.Tests.Controllers.OrdersControllerTests.DeleteOrder_ShouldReturnNotFoundAfterDeletion" computerName="DESKTOP-EDAQIN7" duration="00:00:00.0015743" startTime="2026-02-07T11:49:32.2115206-03:00" endTime="2026-02-07T11:49:32.2115207-03:00" testType="13cdc9d9-ddb5-4fa4-a97d-d965ccfc6d4b" outcome="Failed" testListId="8c84fa94-04c1-424b-9868-57a2d4851a1d" relativeResultsDirectory="8547726f-837c-43a7-9f97-3954f4be6025">
      <Output>
        <ErrorInfo>
          <Message>System.InvalidOperationException : Record type 'BelaDesignHub.Application.Models.Requests.CreateCustomerRequest' has validation metadata defined on property 'Address' that will be ignored. 'Address' is a parameter in the record primary constructor and validation metadata must be associated with the constructor parameter.</Message>
          <StackTrace>   at Microsoft.AspNetCore.Mvc.ModelBinding.ModelMetadata.ThrowIfRecordTypeHasValidationOnProperties()&#xD;
   at Microsoft.AspNetCore.Mvc.ModelBinding.Validation.DefaultComplexObjectValidationStrategy.Enumerator..ctor(ModelMetadata modelMetadata, String key, Object model)&#xD;
   at Microsoft.AspNetCore.Mvc.ModelBinding.Validation.DefaultComplexObjectValidationStrategy.GetChildren(ModelMetadata metadata, String key, Object model)&#xD;
   at Microsoft.AspNetCore.Mvc.ModelBinding.Validation.ValidationVisitor.VisitChildren(IValidationStrategy strategy)&#xD;
   at Microsoft.AspNetCore.Mvc.ModelBinding.Validation.ValidationVisitor.VisitComplexType(IValidationStrategy defaultStrategy)&#xD;
   at Microsoft.AspNetCore.Mvc.ModelBinding.Validation.ValidationVisitor.VisitImplementation(ModelMetadata&amp; metadata, String&amp; key, Object model)&#xD;
   at Microsoft.AspNetCore.Mvc.ModelBinding.Validation.ValidationVisitor.Visit(ModelMetadata metadata, String key, Object model)&#xD;
   at Microsoft.AspNetCore.Mvc.ModelBinding.ObjectModelValidator.Validate(ActionContext actionContext, ValidationStateDictionary validationState, String prefix, Object model, ModelMetadata metadata, Object container)&#xD;
   at Microsoft.AspNetCore.Mvc.ModelBinding.ParameterBinder.EnforceBindRequiredAndValidate(ObjectModelValidator baseObjectValidator, ActionContext actionContext, ParameterDescriptor parameter, ModelMetadata metadata, ModelBindingContext modelBindingContext, ModelBindingResult modelBindingResult, Object container)&#xD;
   at Microsoft.AspNetCore.Mvc.ModelBinding.ParameterBinder.BindModelAsync(ActionContext actionContext, IModelBinder modelBinder, IValueProvider valueProvider, ParameterDescriptor parameter, ModelMetadata metadata, Object value, Object container)&#xD;
   at Microsoft.AspNetCore.Mvc.Controllers.ControllerBinderDelegateProvider.&lt;&gt;c__DisplayClass0_0.&lt;&lt;CreateBinderDelegate&gt;g__Bind|0&gt;d.MoveNext()&#xD;
--- End of stack trace from previous location ---&#xD;
   at Microsoft.AspNetCore.Mvc.Infrastructure.ControllerActionInvoker.&lt;InvokeInnerFilterAsync&gt;g__Awaited|13_0(ControllerActionInvoker invoker, Task lastTask, State next, Scope scope, Object state, Boolean isCompleted)&#xD;
   at Microsoft.AspNetCore.Mvc.Infrastructure.ResourceInvoker.&lt;InvokeFilterPipelineAsync&gt;g__Awaited|20_0(ResourceInvoker invoker, Task lastTask, State next, Scope scope, Object state, Boolean isCompleted)&#xD;
   at Microsoft.AspNetCore.Mvc.Infrastructure.ResourceInvoker.&lt;InvokeAsync&gt;g__Awaited|17_0(ResourceInvoker invoker, Task task, IDisposable scope)&#xD;
   at Microsoft.AspNetCore.Mvc.Infrastructure.ResourceInvoker.&lt;InvokeAsync&gt;g__Awaited|17_0(ResourceInvoker invoker, Task task, IDisposable scope)&#xD;
   at Microsoft.AspNetCore.Authorization.AuthorizationMiddleware.Invoke(HttpContext context)&#xD;
   at Microsoft.AspNetCore.Authentication.AuthenticationMiddleware.Invoke(HttpContext context)&#xD;
   at Microsoft.AspNetCore.TestHost.HttpContextBuilder.&lt;&gt;c__DisplayClass23_0.&lt;&lt;SendAsync&gt;g__RunRequestAsync|0&gt;d.MoveNext()&#xD;
--- End of stack trace from previous location ---&#xD;
   at Microsoft.AspNetCore.TestHost.ClientHandler.SendAsync(HttpRequestMessage request, CancellationToken cancellationToken)&#xD;
   at Microsoft.AspNetCore.Mvc.Testing.Handlers.CookieContainerHandler.SendAsync(HttpRequestMessage request, CancellationToken cancellationToken)&#xD;
   at Microsoft.AspNetCore.Mvc.Testing.Handlers.RedirectHandler.SendAsync(HttpRequestMessage request, CancellationToken cancellationToken)&#xD;
   at System.Net.Http.HttpClient.&lt;SendAsync&gt;g__Core|83_0(HttpRequestMessage request, HttpCompletionOption completionOption, CancellationTokenSource cts, Boolean disposeCts, CancellationTokenSource pendingRequestsCts, CancellationToken originalCancellationToken)&#xD;
   at BelaDesignHub.Api.Tests.Controllers.OrdersControllerTests.CreateCustomerAsync(String name, String email) in C:\git\bela-design-hub\backend\tests\BelaDesignHub.Api.Tests\Controllers\OrdersControllerTests.cs:line 145&#xD;
   at BelaDesignHub.Api.Tests.Controllers.OrdersControllerTests.DeleteOrder_ShouldReturnNotFoundAfterDeletion() in C:\git\bela-design-hub\backend\tests\BelaDesignHub.Api.Tests\Controllers\OrdersControllerTests.cs:line 116&#xD;
--- End of stack trace from previous location ---</StackTrace>
        </ErrorInfo>
      </Output>
    </UnitTestResult>
    <UnitTestResult executionId="a3e3b479-a91e-4f28-a454-596f2c3aa48d" testId="c7a7d11b-5009-a123-8a4f-01eea2c0f7d2" testName="BelaDesignHub.Api.Tests.Controllers.OrdersControllerTests.UpdateOrder_WhenDoesNotExist_ShouldReturnNotFound" computerName="DESKTOP-EDAQIN7" duration="00:00:00.0229934" startTime="2026-02-07T11:49:32.1743008-03:00" endTime="2026-02-07T11:49:32.1743010-03:00" testType="13cdc9d9-ddb5-4fa4-a97d-d965ccfc6d4b" outcome="Failed" testListId="8c84fa94-04c1-424b-9868-57a2d4851a1d" relativeResultsDirectory="a3e3b479-a91e-4f28-a454-596f2c3aa48d">
      <Output>
        <ErrorInfo>
          <Message>System.InvalidOperationException : Record type 'BelaDesignHub.Application.Models.Requests.OrderItemRequest' has validation metadata defined on property 'Quantity' that will be ignored. 'Quantity' is a parameter in the record primary constructor and validation metadata must be associated with the constructor parameter.</Message>
          <StackTrace>   at Microsoft.AspNetCore.Mvc.ModelBinding.ModelMetadata.ThrowIfRecordTypeHasValidationOnProperties()&#xD;
   at Microsoft.AspNetCore.Mvc.ModelBinding.Validation.DefaultComplexObjectValidationStrategy.Enumerator..ctor(ModelMetadata modelMetadata, String key, Object model)&#xD;
   at Microsoft.AspNetCore.Mvc.ModelBinding.Validation.DefaultComplexObjectValidationStrategy.GetChildren(ModelMetadata metadata, String key, Object model)&#xD;
   at Microsoft.AspNetCore.Mvc.ModelBinding.Validation.ValidationVisitor.VisitChildren(IValidationStrategy strategy)&#xD;
   at Microsoft.AspNetCore.Mvc.ModelBinding.Validation.ValidationVisitor.VisitComplexType(IValidationStrategy defaultStrategy)&#xD;
   at Microsoft.AspNetCore.Mvc.ModelBinding.Validation.ValidationVisitor.VisitImplementation(ModelMetadata&amp; metadata, String&amp; key, Object model)&#xD;
   at Microsoft.AspNetCore.Mvc.ModelBinding.Validation.ValidationVisitor.Visit(ModelMetadata metadata, String key, Object model)&#xD;
   at Microsoft.AspNetCore.Mvc.ModelBinding.Validation.ValidationVisitor.VisitChildren(IValidationStrategy strategy)&#xD;
   at Microsoft.AspNetCore.Mvc.ModelBinding.Validation.ValidationVisitor.VisitComplexType(IValidationStrategy defaultStrategy)&#xD;
   at Microsoft.AspNetCore.Mvc.ModelBinding.Validation.ValidationVisitor.VisitImplementation(ModelMetadata&amp; metadata, String&amp; key, Object model)&#xD;
   at Microsoft.AspNetCore.Mvc.ModelBinding.Validation.ValidationVisitor.Visit(ModelMetadata metadata, String key, Object model)&#xD;
   at Microsoft.AspNetCore.Mvc.ModelBinding.Validation.ValidationVisitor.VisitChildren(IValidationStrategy strategy)&#xD;
   at Microsoft.AspNetCore.Mvc.ModelBinding.Validation.ValidationVisitor.VisitComplexType(IValidationStrategy defaultStrategy)&#xD;
   at Microsoft.AspNetCore.Mvc.ModelBinding.Validation.ValidationVisitor.VisitImplementation(ModelMetadata&amp; metadata, String&amp; key, Object model)&#xD;
   at Microsoft.AspNetCore.Mvc.ModelBinding.Validation.ValidationVisitor.Visit(ModelMetadata metadata, String key, Object model)&#xD;
   at Microsoft.AspNetCore.Mvc.ModelBinding.ObjectModelValidator.Validate(ActionContext actionContext, ValidationStateDictionary validationState, String prefix, Object model, ModelMetadata metadata, Object container)&#xD;
   at Microsoft.AspNetCore.Mvc.ModelBinding.ParameterBinder.EnforceBindRequiredAndValidate(ObjectModelValidator baseObjectValidator, ActionContext actionContext, ParameterDescriptor parameter, ModelMetadata metadata, ModelBindingContext modelBindingContext, ModelBindingResult modelBindingResult, Object container)&#xD;
   at Microsoft.AspNetCore.Mvc.ModelBinding.ParameterBinder.BindModelAsync(ActionContext actionContext, IModelBinder modelBinder, IValueProvider valueProvider, ParameterDescriptor parameter, ModelMetadata metadata, Object value, Object container)&#xD;
   at Microsoft.AspNetCore.Mvc.Controllers.ControllerBinderDelegateProvider.&lt;&gt;c__DisplayClass0_0.&lt;&lt;CreateBinderDelegate&gt;g__Bind|0&gt;d.MoveNext()&#xD;
--- End of stack trace from previous location ---&#xD;
   at Microsoft.AspNetCore.Mvc.Infrastructure.ControllerActionInvoker.&lt;InvokeInnerFilterAsync&gt;g__Awaited|13_0(ControllerActionInvoker invoker, Task lastTask, State next, Scope scope, Object state, Boolean isCompleted)&#xD;
   at Microsoft.AspNetCore.Mvc.Infrastructure.ResourceInvoker.&lt;InvokeFilterPipelineAsync&gt;g__Awaited|20_0(ResourceInvoker invoker, Task lastTask, State next, Scope scope, Object state, Boolean isCompleted)&#xD;
   at Microsoft.AspNetCore.Mvc.Infrastructure.ResourceInvoker.&lt;InvokeAsync&gt;g__Awaited|17_0(ResourceInvoker invoker, Task task, IDisposable scope)&#xD;
   at Microsoft.AspNetCore.Mvc.Infrastructure.ResourceInvoker.&lt;InvokeAsync&gt;g__Awaited|17_0(ResourceInvoker invoker, Task task, IDisposable scope)&#xD;
   at Microsoft.AspNetCore.Authorization.AuthorizationMiddleware.Invoke(HttpContext context)&#xD;
   at Microsoft.AspNetCore.Authentication.AuthenticationMiddleware.Invoke(HttpContext context)&#xD;
   at Microsoft.AspNetCore.TestHost.HttpContextBuilder.&lt;&gt;c__DisplayClass23_0.&lt;&lt;SendAsync&gt;g__RunRequestAsync|0&gt;d.MoveNext()&#xD;
--- End of stack trace from previous location ---&#xD;
   at Microsoft.AspNetCore.TestHost.ClientHandler.SendAsync(HttpRequestMessage request, CancellationToken cancellationToken)&#xD;
   at Microsoft.AspNetCore.Mvc.Testing.Handlers.CookieContainerHandler.SendAsync(HttpRequestMessage request, CancellationToken cancellationToken)&#xD;
   at Microsoft.AspNetCore.Mvc.Testing.Handlers.RedirectHandler.SendAsync(HttpRequestMessage request, CancellationToken cancellationToken)&#xD;
   at System.Net.Http.HttpClient.&lt;SendAsync&gt;g__Core|83_0(HttpRequestMessage request, HttpCompletionOption completionOption, CancellationTokenSource cts, Boolean disposeCts, CancellationTokenSource pendingRequestsCts, CancellationToken originalCancellationToken)&#xD;
   at BelaDesignHub.Api.Tests.Controllers.OrdersControllerTests.UpdateOrder_WhenDoesNotExist_ShouldReturnNotFound() in C:\git\bela-design-hub\backend\tests\BelaDesignHub.Api.Tests\Controllers\OrdersControllerTests.cs:line 92&#xD;
--- End of stack trace from previous location ---</StackTrace>
        </ErrorInfo>
      </Output>
    </UnitTestResult>
    <UnitTestResult executionId="d645aea1-5585-464c-9382-ff66e9a610fc" testId="469f79db-9d1e-93c3-1688-61c2f2083f6a" testName="BelaDesignHub.Api.Tests.Controllers.ExpensesControllerTests.DeleteExpense_ShouldReturnNoContentAndNotFoundAfterwards" computerName="DESKTOP-EDAQIN7" duration="00:00:00.0341183" startTime="2026-02-07T11:49:32.3622698-03:00" endTime="2026-02-07T11:49:32.3622700-03:00" testType="13cdc9d9-ddb5-4fa4-a97d-d965ccfc6d4b" outcome="Passed" testListId="8c84fa94-04c1-424b-9868-57a2d4851a1d" relativeResultsDirectory="d645aea1-5585-464c-9382-ff66e9a610fc" />
    <UnitTestResult executionId="bb1d7ccf-93e6-4e66-9cd0-5e2f67c939b2" testId="a01286e0-bd84-4dd3-edc8-dbeb3d41f95c" testName="BelaDesignHub.Api.Tests.Controllers.ExpensesControllerTests.UpdateExpense_WhenDoesNotExist_ShouldReturnNotFound" computerName="DESKTOP-EDAQIN7" duration="00:00:00.0020144" startTime="2026-02-07T11:49:32.3843475-03:00" endTime="2026-02-07T11:49:32.3843476-03:00" testType="13cdc9d9-ddb5-4fa4-a97d-d965ccfc6d4b" outcome="Passed" testListId="8c84fa94-04c1-424b-9868-57a2d4851a1d" relativeResultsDirectory="bb1d7ccf-93e6-4e66-9cd0-5e2f67c939b2" />
    <UnitTestResult executionId="8b694bc7-dd66-4787-8c5d-5cfa18d6f0c2" testId="eefdba43-c5c4-43fb-eb24-b915c6bdba56" testName="BelaDesignHub.Api.Tests.Controllers.ExpensesControllerTests.GetExpenseById_ShouldReturnPersistedExpense" computerName="DESKTOP-EDAQIN7" duration="00:00:00.0042594" startTime="2026-02-07T11:49:32.3821005-03:00" endTime="2026-02-07T11:49:32.3821006-03:00" testType="13cdc9d9-ddb5-4fa4-a97d-d965ccfc6d4b" outcome="Passed" testListId="8c84fa94-04c1-424b-9868-57a2d4851a1d" relativeResultsDirectory="8b694bc7-dd66-4787-8c5d-5cfa18d6f0c2" />
    <UnitTestResult executionId="1635103f-bb51-46e9-a279-42ab94e3f506" testId="a936ee88-c743-6d39-c3e8-ec2832b6662b" testName="BelaDesignHub.Api.Tests.Controllers.CustomersControllerTests.DeleteCustomer_ShouldRemoveCustomer" computerName="DESKTOP-EDAQIN7" duration="00:00:00.0011976" startTime="2026-02-07T11:49:32.1603324-03:00" endTime="2026-02-07T11:49:32.1603325-03:00" testType="13cdc9d9-ddb5-4fa4-a97d-d965ccfc6d4b" outcome="Failed" testListId="8c84fa94-04c1-424b-9868-57a2d4851a1d" relativeResultsDirectory="1635103f-bb51-46e9-a279-42ab94e3f506">
      <Output>
        <ErrorInfo>
          <Message>System.InvalidOperationException : Record type 'BelaDesignHub.Application.Models.Requests.CreateCustomerRequest' has validation metadata defined on property 'Address' that will be ignored. 'Address' is a parameter in the record primary constructor and validation metadata must be associated with the constructor parameter.</Message>
          <StackTrace>   at Microsoft.AspNetCore.Mvc.ModelBinding.ModelMetadata.ThrowIfRecordTypeHasValidationOnProperties()&#xD;
   at Microsoft.AspNetCore.Mvc.ModelBinding.Validation.DefaultComplexObjectValidationStrategy.Enumerator..ctor(ModelMetadata modelMetadata, String key, Object model)&#xD;
   at Microsoft.AspNetCore.Mvc.ModelBinding.Validation.DefaultComplexObjectValidationStrategy.GetChildren(ModelMetadata metadata, String key, Object model)&#xD;
   at Microsoft.AspNetCore.Mvc.ModelBinding.Validation.ValidationVisitor.VisitChildren(IValidationStrategy strategy)&#xD;
   at Microsoft.AspNetCore.Mvc.ModelBinding.Validation.ValidationVisitor.VisitComplexType(IValidationStrategy defaultStrategy)&#xD;
   at Microsoft.AspNetCore.Mvc.ModelBinding.Validation.ValidationVisitor.VisitImplementation(ModelMetadata&amp; metadata, String&amp; key, Object model)&#xD;
   at Microsoft.AspNetCore.Mvc.ModelBinding.Validation.ValidationVisitor.Visit(ModelMetadata metadata, String key, Object model)&#xD;
   at Microsoft.AspNetCore.Mvc.ModelBinding.ObjectModelValidator.Validate(ActionContext actionContext, ValidationStateDictionary validationState, String prefix, Object model, ModelMetadata metadata, Object container)&#xD;
   at Microsoft.AspNetCore.Mvc.ModelBinding.ParameterBinder.EnforceBindRequiredAndValidate(ObjectModelValidator baseObjectValidator, ActionContext actionContext, ParameterDescriptor parameter, ModelMetadata metadata, ModelBindingContext modelBindingContext, ModelBindingResult modelBindingResult, Object container)&#xD;
   at Microsoft.AspNetCore.Mvc.ModelBinding.ParameterBinder.BindModelAsync(ActionContext actionContext, IModelBinder modelBinder, IValueProvider valueProvider, ParameterDescriptor parameter, ModelMetadata metadata, Object value, Object container)&#xD;
   at Microsoft.AspNetCore.Mvc.Controllers.ControllerBinderDelegateProvider.&lt;&gt;c__DisplayClass0_0.&lt;&lt;CreateBinderDelegate&gt;g__Bind|0&gt;d.MoveNext()&#xD;
--- End of stack trace from previous location ---&#xD;
   at Microsoft.AspNetCore.Mvc.Infrastructure.ControllerActionInvoker.&lt;InvokeInnerFilterAsync&gt;g__Awaited|13_0(ControllerActionInvoker invoker, Task lastTask, State next, Scope scope, Object state, Boolean isCompleted)&#xD;
   at Microsoft.AspNetCore.Mvc.Infrastructure.ResourceInvoker.&lt;InvokeFilterPipelineAsync&gt;g__Awaited|20_0(ResourceInvoker invoker, Task lastTask, State next, Scope scope, Object state, Boolean isCompleted)&#xD;
   at Microsoft.AspNetCore.Mvc.Infrastructure.ResourceInvoker.&lt;InvokeAsync&gt;g__Awaited|17_0(ResourceInvoker invoker, Task task, IDisposable scope)&#xD;
   at Microsoft.AspNetCore.Mvc.Infrastructure.ResourceInvoker.&lt;InvokeAsync&gt;g__Awaited|17_0(ResourceInvoker invoker, Task task, IDisposable scope)&#xD;
   at Microsoft.AspNetCore.Authorization.AuthorizationMiddleware.Invoke(HttpContext context)&#xD;
   at Microsoft.AspNetCore.Authentication.AuthenticationMiddleware.Invoke(HttpContext context)&#xD;
   at Microsoft.AspNetCore.TestHost.HttpContextBuilder.&lt;&gt;c__DisplayClass23_0.&lt;&lt;SendAsync&gt;g__RunRequestAsync|0&gt;d.MoveNext()&#xD;
--- End of stack trace from previous location ---&#xD;
   at Microsoft.AspNetCore.TestHost.ClientHandler.SendAsync(HttpRequestMessage request, CancellationToken cancellationToken)&#xD;
   at Microsoft.AspNetCore.Mvc.Testing.Handlers.CookieContainerHandler.SendAsync(HttpRequestMessage request, CancellationToken cancellationToken)&#xD;
   at Microsoft.AspNetCore.Mvc.Testing.Handlers.RedirectHandler.SendAsync(HttpRequestMessage request, CancellationToken cancellationToken)&#xD;
   at System.Net.Http.HttpClient.&lt;SendAsync&gt;g__Core|83_0(HttpRequestMessage request, HttpCompletionOption completionOption, CancellationTokenSource cts, Boolean disposeCts, CancellationTokenSource pendingRequestsCts, CancellationToken originalCancellationToken)&#xD;
   at BelaDesignHub.Api.Tests.Controllers.CustomersControllerTests.CreateCustomerAsync(String name, String email) in C:\git\bela-design-hub\backend\tests\BelaDesignHub.Api.Tests\Controllers\CustomersControllerTests.cs:line 95&#xD;
   at BelaDesignHub.Api.Tests.Controllers.CustomersControllerTests.DeleteCustomer_ShouldRemoveCustomer() in C:\git\bela-design-hub\backend\tests\BelaDesignHub.Api.Tests\Controllers\CustomersControllerTests.cs:line 83&#xD;
--- End of stack trace from previous location ---</StackTrace>
        </ErrorInfo>
      </Output>
    </UnitTestResult>
    <UnitTestResult executionId="f8a3afce-b466-49b3-8692-450dcd8548bb" testId="1ccb83c2-cbdc-be01-809c-cafb8498c345" testName="BelaDesignHub.Api.Tests.Controllers.CustomersControllerTests.GetCustomerById_ShouldReturnPersistedCustomer" computerName="DESKTOP-EDAQIN7" duration="00:00:00.5394150" startTime="2026-02-07T11:49:32.1556480-03:00" endTime="2026-02-07T11:49:32.1556481-03:00" testType="13cdc9d9-ddb5-4fa4-a97d-d965ccfc6d4b" outcome="Failed" testListId="8c84fa94-04c1-424b-9868-57a2d4851a1d" relativeResultsDirectory="f8a3afce-b466-49b3-8692-450dcd8548bb">
      <Output>
        <ErrorInfo>
          <Message>System.InvalidOperationException : Record type 'BelaDesignHub.Application.Models.Requests.CreateCustomerRequest' has validation metadata defined on property 'Address' that will be ignored. 'Address' is a parameter in the record primary constructor and validation metadata must be associated with the constructor parameter.</Message>
          <StackTrace>   at Microsoft.AspNetCore.Mvc.ModelBinding.ModelMetadata.ThrowIfRecordTypeHasValidationOnProperties()&#xD;
   at Microsoft.AspNetCore.Mvc.ModelBinding.Validation.DefaultComplexObjectValidationStrategy.Enumerator..ctor(ModelMetadata modelMetadata, String key, Object model)&#xD;
   at Microsoft.AspNetCore.Mvc.ModelBinding.Validation.DefaultComplexObjectValidationStrategy.GetChildren(ModelMetadata metadata, String key, Object model)&#xD;
   at Microsoft.AspNetCore.Mvc.ModelBinding.Validation.ValidationVisitor.VisitChildren(IValidationStrategy strategy)&#xD;
   at Microsoft.AspNetCore.Mvc.ModelBinding.Validation.ValidationVisitor.VisitComplexType(IValidationStrategy defaultStrategy)&#xD;
   at Microsoft.AspNetCore.Mvc.ModelBinding.Validation.ValidationVisitor.VisitImplementation(ModelMetadata&amp; metadata, String&amp; key, Object model)&#xD;
   at Microsoft.AspNetCore.Mvc.ModelBinding.Validation.ValidationVisitor.Visit(ModelMetadata metadata, String key, Object model)&#xD;
   at Microsoft.AspNetCore.Mvc.ModelBinding.ObjectModelValidator.Validate(ActionContext actionContext, ValidationStateDictionary validationState, String prefix, Object model, ModelMetadata metadata, Object container)&#xD;
   at Microsoft.AspNetCore.Mvc.ModelBinding.ParameterBinder.EnforceBindRequiredAndValidate(ObjectModelValidator baseObjectValidator, ActionContext actionContext, ParameterDescriptor parameter, ModelMetadata metadata, ModelBindingContext modelBindingContext, ModelBindingResult modelBindingResult, Object container)&#xD;
   at Microsoft.AspNetCore.Mvc.ModelBinding.ParameterBinder.BindModelAsync(ActionContext actionContext, IModelBinder modelBinder, IValueProvider valueProvider, ParameterDescriptor parameter, ModelMetadata metadata, Object value, Object container)&#xD;
   at Microsoft.AspNetCore.Mvc.Controllers.ControllerBinderDelegateProvider.&lt;&gt;c__DisplayClass0_0.&lt;&lt;CreateBinderDelegate&gt;g__Bind|0&gt;d.MoveNext()&#xD;
--- End of stack trace from previous location ---&#xD;
   at Microsoft.AspNetCore.Mvc.Infrastructure.ControllerActionInvoker.&lt;InvokeInnerFilterAsync&gt;g__Awaited|13_0(ControllerActionInvoker invoker, Task lastTask, State next, Scope scope, Object state, Boolean isCompleted)&#xD;
   at Microsoft.AspNetCore.Mvc.Infrastructure.ResourceInvoker.&lt;InvokeFilterPipelineAsync&gt;g__Awaited|20_0(ResourceInvoker invoker, Task lastTask, State next, Scope scope, Object state, Boolean isCompleted)&#xD;
   at Microsoft.AspNetCore.Mvc.Infrastructure.ResourceInvoker.&lt;InvokeAsync&gt;g__Awaited|17_0(ResourceInvoker invoker, Task task, IDisposable scope)&#xD;
   at Microsoft.AspNetCore.Mvc.Infrastructure.ResourceInvoker.&lt;InvokeAsync&gt;g__Awaited|17_0(ResourceInvoker invoker, Task task, IDisposable scope)&#xD;
   at Microsoft.AspNetCore.Authorization.AuthorizationMiddleware.Invoke(HttpContext context)&#xD;
   at Microsoft.AspNetCore.Authentication.AuthenticationMiddleware.Invoke(HttpContext context)&#xD;
   at Microsoft.AspNetCore.TestHost.HttpContextBuilder.&lt;&gt;c__DisplayClass23_0.&lt;&lt;SendAsync&gt;g__RunRequestAsync|0&gt;d.MoveNext()&#xD;
--- End of stack trace from previous location ---&#xD;
   at Microsoft.AspNetCore.TestHost.ClientHandler.SendAsync(HttpRequestMessage request, CancellationToken cancellationToken)&#xD;
   at Microsoft.AspNetCore.Mvc.Testing.Handlers.CookieContainerHandler.SendAsync(HttpRequestMessage request, CancellationToken cancellationToken)&#xD;
   at Microsoft.AspNetCore.Mvc.Testing.Handlers.RedirectHandler.SendAsync(HttpRequestMessage request, CancellationToken cancellationToken)&#xD;
   at System.Net.Http.HttpClient.&lt;SendAsync&gt;g__Core|83_0(HttpRequestMessage request, HttpCompletionOption completionOption, CancellationTokenSource cts, Boolean disposeCts, CancellationTokenSource pendingRequestsCts, CancellationToken originalCancellationToken)&#xD;
   at BelaDesignHub.Api.Tests.Controllers.CustomersControllerTests.CreateCustomerAsync(String name, String email) in C:\git\bela-design-hub\backend\tests\BelaDesignHub.Api.Tests\Controllers\CustomersControllerTests.cs:line 95&#xD;
   at BelaDesignHub.Api.Tests.Controllers.CustomersControllerTests.GetCustomerById_ShouldReturnPersistedCustomer() in C:\git\bela-design-hub\backend\tests\BelaDesignHub.Api.Tests\Controllers\CustomersControllerTests.cs:line 58&#xD;
--- End of stack trace from previous location ---</StackTrace>
        </ErrorInfo>
      </Output>
    </UnitTestResult>
    <UnitTestResult executionId="ab801580-42a5-42c2-af0a-a894a260cb27" testId="4d6872f2-89d4-a240-b5cf-ae64e865ee44" testName="BelaDesignHub.Api.Tests.Controllers.OrdersControllerTests.CreateOrder_ShouldReturnOrderWithItems" computerName="DESKTOP-EDAQIN7" duration="00:00:00.0109973" startTime="2026-02-07T11:49:32.2106017-03:00" endTime="2026-02-07T11:49:32.2106019-03:00" testType="13cdc9d9-ddb5-4fa4-a97d-d965ccfc6d4b" outcome="Failed" testListId="8c84fa94-04c1-424b-9868-57a2d4851a1d" relativeResultsDirectory="ab801580-42a5-42c2-af0a-a894a260cb27">
      <Output>
        <ErrorInfo>
          <Message>System.InvalidOperationException : Record type 'BelaDesignHub.Application.Models.Requests.CreateCustomerRequest' has validation metadata defined on property 'Address' that will be ignored. 'Address' is a parameter in the record primary constructor and validation metadata must be associated with the constructor parameter.</Message>
          <StackTrace>   at Microsoft.AspNetCore.Mvc.ModelBinding.ModelMetadata.ThrowIfRecordTypeHasValidationOnProperties()&#xD;
   at Microsoft.AspNetCore.Mvc.ModelBinding.Validation.DefaultComplexObjectValidationStrategy.Enumerator..ctor(ModelMetadata modelMetadata, String key, Object model)&#xD;
   at Microsoft.AspNetCore.Mvc.ModelBinding.Validation.DefaultComplexObjectValidationStrategy.GetChildren(ModelMetadata metadata, String key, Object model)&#xD;
   at Microsoft.AspNetCore.Mvc.ModelBinding.Validation.ValidationVisitor.VisitChildren(IValidationStrategy strategy)&#xD;
   at Microsoft.AspNetCore.Mvc.ModelBinding.Validation.ValidationVisitor.VisitComplexType(IValidationStrategy defaultStrategy)&#xD;
   at Microsoft.AspNetCore.Mvc.ModelBinding.Validation.ValidationVisitor.VisitImplementation(ModelMetadata&amp; metadata, String&amp; key, Object model)&#xD;
   at Microsoft.AspNetCore.Mvc.ModelBinding.Validation.ValidationVisitor.Visit(ModelMetadata metadata, String key, Object model)&#xD;
   at Microsoft.AspNetCore.Mvc.ModelBinding.ObjectModelValidator.Validate(ActionContext actionContext, ValidationStateDictionary validationState, String prefix, Object model, ModelMetadata metadata, Object container)&#xD;
   at Microsoft.AspNetCore.Mvc.ModelBinding.ParameterBinder.EnforceBindRequiredAndValidate(ObjectModelValidator baseObjectValidator, ActionContext actionContext, ParameterDescriptor parameter, ModelMetadata metadata, ModelBindingContext modelBindingContext, ModelBindingResult modelBindingResult, Object container)&#xD;
   at Microsoft.AspNetCore.Mvc.ModelBinding.ParameterBinder.BindModelAsync(ActionContext actionContext, IModelBinder modelBinder, IValueProvider valueProvider, ParameterDescriptor parameter, ModelMetadata metadata, Object value, Object container)&#xD;
   at Microsoft.AspNetCore.Mvc.Controllers.ControllerBinderDelegateProvider.&lt;&gt;c__DisplayClass0_0.&lt;&lt;CreateBinderDelegate&gt;g__Bind|0&gt;d.MoveNext()&#xD;
--- End of stack trace from previous location ---&#xD;
   at Microsoft.AspNetCore.Mvc.Infrastructure.ControllerActionInvoker.&lt;InvokeInnerFilterAsync&gt;g__Awaited|13_0(ControllerActionInvoker invoker, Task lastTask, State next, Scope scope, Object state, Boolean isCompleted)&#xD;
   at Microsoft.AspNetCore.Mvc.Infrastructure.ResourceInvoker.&lt;InvokeFilterPipelineAsync&gt;g__Awaited|20_0(ResourceInvoker invoker, Task lastTask, State next, Scope scope, Object state, Boolean isCompleted)&#xD;
   at Microsoft.AspNetCore.Mvc.Infrastructure.ResourceInvoker.&lt;InvokeAsync&gt;g__Awaited|17_0(ResourceInvoker invoker, Task task, IDisposable scope)&#xD;
   at Microsoft.AspNetCore.Mvc.Infrastructure.ResourceInvoker.&lt;InvokeAsync&gt;g__Awaited|17_0(ResourceInvoker invoker, Task task, IDisposable scope)&#xD;
   at Microsoft.AspNetCore.Authorization.AuthorizationMiddleware.Invoke(HttpContext context)&#xD;
   at Microsoft.AspNetCore.Authentication.AuthenticationMiddleware.Invoke(HttpContext context)&#xD;
   at Microsoft.AspNetCore.TestHost.HttpContextBuilder.&lt;&gt;c__DisplayClass23_0.&lt;&lt;SendAsync&gt;g__RunRequestAsync|0&gt;d.MoveNext()&#xD;
--- End of stack trace from previous location ---&#xD;
   at Microsoft.AspNetCore.TestHost.ClientHandler.SendAsync(HttpRequestMessage request, CancellationToken cancellationToken)&#xD;
   at Microsoft.AspNetCore.Mvc.Testing.Handlers.CookieContainerHandler.SendAsync(HttpRequestMessage request, CancellationToken cancellationToken)&#xD;
   at Microsoft.AspNetCore.Mvc.Testing.Handlers.RedirectHandler.SendAsync(HttpRequestMessage request, CancellationToken cancellationToken)&#xD;
   at System.Net.Http.HttpClient.&lt;SendAsync&gt;g__Core|83_0(HttpRequestMessage request, HttpCompletionOption completionOption, CancellationTokenSource cts, Boolean disposeCts, CancellationTokenSource pendingRequestsCts, CancellationToken originalCancellationToken)&#xD;
   at BelaDesignHub.Api.Tests.Controllers.OrdersControllerTests.CreateCustomerAsync(String name, String email) in C:\git\bela-design-hub\backend\tests\BelaDesignHub.Api.Tests\Controllers\OrdersControllerTests.cs:line 145&#xD;
   at BelaDesignHub.Api.Tests.Controllers.OrdersControllerTests.CreateOrder_ShouldReturnOrderWithItems() in C:\git\bela-design-hub\backend\tests\BelaDesignHub.Api.Tests\Controllers\OrdersControllerTests.cs:line 21&#xD;
--- End of stack trace from previous location ---</StackTrace>
        </ErrorInfo>
      </Output>
    </UnitTestResult>
    <UnitTestResult executionId="86a62caf-392e-4c87-a2c0-50ad8934136c" testId="74c2368f-23d8-2844-094b-7aba2a8aebc0" testName="BelaDesignHub.Api.Tests.Controllers.OrdersControllerTests.GetOrders_FilterByCustomer_ShouldReturnOnlyCustomerOrders" computerName="DESKTOP-EDAQIN7" duration="00:00:00.0024593" startTime="2026-02-07T11:49:32.1862265-03:00" endTime="2026-02-07T11:49:32.1862266-03:00" testType="13cdc9d9-ddb5-4fa4-a97d-d965ccfc6d4b" outcome="Failed" testListId="8c84fa94-04c1-424b-9868-57a2d4851a1d" relativeResultsDirectory="86a62caf-392e-4c87-a2c0-50ad8934136c">
      <Output>
        <ErrorInfo>
          <Message>System.InvalidOperationException : Record type 'BelaDesignHub.Application.Models.Requests.CreateCustomerRequest' has validation metadata defined on property 'Address' that will be ignored. 'Address' is a parameter in the record primary constructor and validation metadata must be associated with the constructor parameter.</Message>
          <StackTrace>   at Microsoft.AspNetCore.Mvc.ModelBinding.ModelMetadata.ThrowIfRecordTypeHasValidationOnProperties()&#xD;
   at Microsoft.AspNetCore.Mvc.ModelBinding.Validation.DefaultComplexObjectValidationStrategy.Enumerator..ctor(ModelMetadata modelMetadata, String key, Object model)&#xD;
   at Microsoft.AspNetCore.Mvc.ModelBinding.Validation.DefaultComplexObjectValidationStrategy.GetChildren(ModelMetadata metadata, String key, Object model)&#xD;
   at Microsoft.AspNetCore.Mvc.ModelBinding.Validation.ValidationVisitor.VisitChildren(IValidationStrategy strategy)&#xD;
   at Microsoft.AspNetCore.Mvc.ModelBinding.Validation.ValidationVisitor.VisitComplexType(IValidationStrategy defaultStrategy)&#xD;
   at Microsoft.AspNetCore.Mvc.ModelBinding.Validation.ValidationVisitor.VisitImplementation(ModelMetadata&amp; metadata, String&amp; key, Object model)&#xD;
   at Microsoft.AspNetCore.Mvc.ModelBinding.Validation.ValidationVisitor.Visit(ModelMetadata metadata, String key, Object model)&#xD;
   at Microsoft.AspNetCore.Mvc.ModelBinding.ObjectModelValidator.Validate(ActionContext actionContext, ValidationStateDictionary validationState, String prefix, Object model, ModelMetadata metadata, Object container)&#xD;
   at Microsoft.AspNetCore.Mvc.ModelBinding.ParameterBinder.EnforceBindRequiredAndValidate(ObjectModelValidator baseObjectValidator, ActionContext actionContext, ParameterDescriptor parameter, ModelMetadata metadata, ModelBindingContext modelBindingContext, ModelBindingResult modelBindingResult, Object container)&#xD;
   at Microsoft.AspNetCore.Mvc.ModelBinding.ParameterBinder.BindModelAsync(ActionContext actionContext, IModelBinder modelBinder, IValueProvider valueProvider, ParameterDescriptor parameter, ModelMetadata metadata, Object value, Object container)&#xD;
   at Microsoft.AspNetCore.Mvc.Controllers.ControllerBinderDelegateProvider.&lt;&gt;c__DisplayClass0_0.&lt;&lt;CreateBinderDelegate&gt;g__Bind|0&gt;d.MoveNext()&#xD;
--- End of stack trace from previous location ---&#xD;
   at Microsoft.AspNetCore.Mvc.Infrastructure.ControllerActionInvoker.&lt;InvokeInnerFilterAsync&gt;g__Awaited|13_0(ControllerActionInvoker invoker, Task lastTask, State next, Scope scope, Object state, Boolean isCompleted)&#xD;
   at Microsoft.AspNetCore.Mvc.Infrastructure.ResourceInvoker.&lt;InvokeFilterPipelineAsync&gt;g__Awaited|20_0(ResourceInvoker invoker, Task lastTask, State next, Scope scope, Object state, Boolean isCompleted)&#xD;
   at Microsoft.AspNetCore.Mvc.Infrastructure.ResourceInvoker.&lt;InvokeAsync&gt;g__Awaited|17_0(ResourceInvoker invoker, Task task, IDisposable scope)&#xD;
   at Microsoft.AspNetCore.Mvc.Infrastructure.ResourceInvoker.&lt;InvokeAsync&gt;g__Awaited|17_0(ResourceInvoker invoker, Task task, IDisposable scope)&#xD;
   at Microsoft.AspNetCore.Authorization.AuthorizationMiddleware.Invoke(HttpContext context)&#xD;
   at Microsoft.AspNetCore.Authentication.AuthenticationMiddleware.Invoke(HttpContext context)&#xD;
   at Microsoft.AspNetCore.TestHost.HttpContextBuilder.&lt;&gt;c__DisplayClass23_0.&lt;&lt;SendAsync&gt;g__RunRequestAsync|0&gt;d.MoveNext()&#xD;
--- End of stack trace from previous location ---&#xD;
   at Microsoft.AspNetCore.TestHost.ClientHandler.SendAsync(HttpRequestMessage request, CancellationToken cancellationToken)&#xD;
   at Microsoft.AspNetCore.Mvc.Testing.Handlers.CookieContainerHandler.SendAsync(HttpRequestMessage request, CancellationToken cancellationToken)&#xD;
   at Microsoft.AspNetCore.Mvc.Testing.Handlers.RedirectHandler.SendAsync(HttpRequestMessage request, CancellationToken cancellationToken)&#xD;
   at System.Net.Http.HttpClient.&lt;SendAsync&gt;g__Core|83_0(HttpRequestMessage request, HttpCompletionOption completionOption, CancellationTokenSource cts, Boolean disposeCts, CancellationTokenSource pendingRequestsCts, CancellationToken originalCancellationToken)&#xD;
   at BelaDesignHub.Api.Tests.Controllers.OrdersControllerTests.CreateCustomerAsync(String name, String email) in C:\git\bela-design-hub\backend\tests\BelaDesignHub.Api.Tests\Controllers\OrdersControllerTests.cs:line 145&#xD;
   at BelaDesignHub.Api.Tests.Controllers.OrdersControllerTests.GetOrders_FilterByCustomer_ShouldReturnOnlyCustomerOrders() in C:\git\bela-design-hub\backend\tests\BelaDesignHub.Api.Tests\Controllers\OrdersControllerTests.cs:line 37&#xD;
--- End of stack trace from previous location ---</StackTrace>
        </ErrorInfo>
      </Output>
    </UnitTestResult>
    <UnitTestResult executionId="241077cd-1c51-4a95-aef6-51fee5833e16" testId="16a33459-5145-fa3e-bb1c-7d6c7e783841" testName="BelaDesignHub.Api.Tests.Controllers.CustomersControllerTests.CreateCustomer_ShouldPersistAndReturnCustomer" computerName="DESKTOP-EDAQIN7" duration="00:00:00.0023967" startTime="2026-02-07T11:49:32.1583228-03:00" endTime="2026-02-07T11:49:32.1583229-03:00" testType="13cdc9d9-ddb5-4fa4-a97d-d965ccfc6d4b" outcome="Failed" testListId="8c84fa94-04c1-424b-9868-57a2d4851a1d" relativeResultsDirectory="241077cd-1c51-4a95-aef6-51fee5833e16">
      <Output>
        <ErrorInfo>
          <Message>System.InvalidOperationException : Record type 'BelaDesignHub.Application.Models.Requests.CreateCustomerRequest' has validation metadata defined on property 'Address' that will be ignored. 'Address' is a parameter in the record primary constructor and validation metadata must be associated with the constructor parameter.</Message>
          <StackTrace>   at Microsoft.AspNetCore.Mvc.ModelBinding.ModelMetadata.ThrowIfRecordTypeHasValidationOnProperties()&#xD;
   at Microsoft.AspNetCore.Mvc.ModelBinding.Validation.DefaultComplexObjectValidationStrategy.Enumerator..ctor(ModelMetadata modelMetadata, String key, Object model)&#xD;
   at Microsoft.AspNetCore.Mvc.ModelBinding.Validation.DefaultComplexObjectValidationStrategy.GetChildren(ModelMetadata metadata, String key, Object model)&#xD;
   at Microsoft.AspNetCore.Mvc.ModelBinding.Validation.ValidationVisitor.VisitChildren(IValidationStrategy strategy)&#xD;
   at Microsoft.AspNetCore.Mvc.ModelBinding.Validation.ValidationVisitor.VisitComplexType(IValidationStrategy defaultStrategy)&#xD;
   at Microsoft.AspNetCore.Mvc.ModelBinding.Validation.ValidationVisitor.VisitImplementation(ModelMetadata&amp; metadata, String&amp; key, Object model)&#xD;
   at Microsoft.AspNetCore.Mvc.ModelBinding.Validation.ValidationVisitor.Visit(ModelMetadata metadata, String key, Object model)&#xD;
   at Microsoft.AspNetCore.Mvc.ModelBinding.ObjectModelValidator.Validate(ActionContext actionContext, ValidationStateDictionary validationState, String prefix, Object model, ModelMetadata metadata, Object container)&#xD;
   at Microsoft.AspNetCore.Mvc.ModelBinding.ParameterBinder.EnforceBindRequiredAndValidate(ObjectModelValidator baseObjectValidator, ActionContext actionContext, ParameterDescriptor parameter, ModelMetadata metadata, ModelBindingContext modelBindingContext, ModelBindingResult modelBindingResult, Object container)&#xD;
   at Microsoft.AspNetCore.Mvc.ModelBinding.ParameterBinder.BindModelAsync(ActionContext actionContext, IModelBinder modelBinder, IValueProvider valueProvider, ParameterDescriptor parameter, ModelMetadata metadata, Object value, Object container)&#xD;
   at Microsoft.AspNetCore.Mvc.Controllers.ControllerBinderDelegateProvider.&lt;&gt;c__DisplayClass0_0.&lt;&lt;CreateBinderDelegate&gt;g__Bind|0&gt;d.MoveNext()&#xD;
--- End of stack trace from previous location ---&#xD;
   at Microsoft.AspNetCore.Mvc.Infrastructure.ControllerActionInvoker.&lt;InvokeInnerFilterAsync&gt;g__Awaited|13_0(ControllerActionInvoker invoker, Task lastTask, State next, Scope scope, Object state, Boolean isCompleted)&#xD;
   at Microsoft.AspNetCore.Mvc.Infrastructure.ResourceInvoker.&lt;InvokeFilterPipelineAsync&gt;g__Awaited|20_0(ResourceInvoker invoker, Task lastTask, State next, Scope scope, Object state, Boolean isCompleted)&#xD;
   at Microsoft.AspNetCore.Mvc.Infrastructure.ResourceInvoker.&lt;InvokeAsync&gt;g__Awaited|17_0(ResourceInvoker invoker, Task task, IDisposable scope)&#xD;
   at Microsoft.AspNetCore.Mvc.Infrastructure.ResourceInvoker.&lt;InvokeAsync&gt;g__Awaited|17_0(ResourceInvoker invoker, Task task, IDisposable scope)&#xD;
   at Microsoft.AspNetCore.Authorization.AuthorizationMiddleware.Invoke(HttpContext context)&#xD;
   at Microsoft.AspNetCore.Authentication.AuthenticationMiddleware.Invoke(HttpContext context)&#xD;
   at Microsoft.AspNetCore.TestHost.HttpContextBuilder.&lt;&gt;c__DisplayClass23_0.&lt;&lt;SendAsync&gt;g__RunRequestAsync|0&gt;d.MoveNext()&#xD;
--- End of stack trace from previous location ---&#xD;
   at Microsoft.AspNetCore.TestHost.ClientHandler.SendAsync(HttpRequestMessage request, CancellationToken cancellationToken)&#xD;
   at Microsoft.AspNetCore.Mvc.Testing.Handlers.CookieContainerHandler.SendAsync(HttpRequestMessage request, CancellationToken cancellationToken)&#xD;
   at Microsoft.AspNetCore.Mvc.Testing.Handlers.RedirectHandler.SendAsync(HttpRequestMessage request, CancellationToken cancellationToken)&#xD;
   at System.Net.Http.HttpClient.&lt;SendAsync&gt;g__Core|83_0(HttpRequestMessage request, HttpCompletionOption completionOption, CancellationTokenSource cts, Boolean disposeCts, CancellationTokenSource pendingRequestsCts, CancellationToken originalCancellationToken)&#xD;
   at BelaDesignHub.Api.Tests.Controllers.CustomersControllerTests.CreateCustomer_ShouldPersistAndReturnCustomer() in C:\git\bela-design-hub\backend\tests\BelaDesignHub.Api.Tests\Controllers\CustomersControllerTests.cs:line 23&#xD;
--- End of stack trace from previous location ---</StackTrace>
        </ErrorInfo>
      </Output>
    </UnitTestResult>
    <UnitTestResult executionId="82f998e2-8891-4961-b0a0-f60870e297e2" testId="c7a4a115-e85f-43a9-aeda-c2f849b516d4" testName="BelaDesignHub.Api.Tests.Controllers.OrdersControllerTests.UpdateOrder_ShouldReplaceItemsAndUpdateStatus" computerName="DESKTOP-EDAQIN7" duration="00:00:00.5394017" startTime="2026-02-07T11:49:32.1522947-03:00" endTime="2026-02-07T11:49:32.1523052-03:00" testType="13cdc9d9-ddb5-4fa4-a97d-d965ccfc6d4b" outcome="Failed" testListId="8c84fa94-04c1-424b-9868-57a2d4851a1d" relativeResultsDirectory="82f998e2-8891-4961-b0a0-f60870e297e2">
      <Output>
        <ErrorInfo>
          <Message>System.InvalidOperationException : Record type 'BelaDesignHub.Application.Models.Requests.CreateCustomerRequest' has validation metadata defined on property 'Address' that will be ignored. 'Address' is a parameter in the record primary constructor and validation metadata must be associated with the constructor parameter.</Message>
          <StackTrace>   at Microsoft.AspNetCore.Mvc.ModelBinding.ModelMetadata.ThrowIfRecordTypeHasValidationOnProperties()&#xD;
   at Microsoft.AspNetCore.Mvc.ModelBinding.Validation.DefaultComplexObjectValidationStrategy.Enumerator..ctor(ModelMetadata modelMetadata, String key, Object model)&#xD;
   at Microsoft.AspNetCore.Mvc.ModelBinding.Validation.DefaultComplexObjectValidationStrategy.GetChildren(ModelMetadata metadata, String key, Object model)&#xD;
   at Microsoft.AspNetCore.Mvc.ModelBinding.Validation.ValidationVisitor.VisitChildren(IValidationStrategy strategy)&#xD;
   at Microsoft.AspNetCore.Mvc.ModelBinding.Validation.ValidationVisitor.VisitComplexType(IValidationStrategy defaultStrategy)&#xD;
   at Microsoft.AspNetCore.Mvc.ModelBinding.Validation.ValidationVisitor.VisitImplementation(ModelMetadata&amp; metadata, String&amp; key, Object model)&#xD;
   at Microsoft.AspNetCore.Mvc.ModelBinding.Validation.ValidationVisitor.Visit(ModelMetadata metadata, String key, Object model)&#xD;
   at Microsoft.AspNetCore.Mvc.ModelBinding.ObjectModelValidator.Validate(ActionContext actionContext, ValidationStateDictionary validationState, String prefix, Object model, ModelMetadata metadata, Object container)&#xD;
   at Microsoft.AspNetCore.Mvc.ModelBinding.ParameterBinder.EnforceBindRequiredAndValidate(ObjectModelValidator baseObjectValidator, ActionContext actionContext, ParameterDescriptor parameter, ModelMetadata metadata, ModelBindingContext modelBindingContext, ModelBindingResult modelBindingResult, Object container)&#xD;
   at Microsoft.AspNetCore.Mvc.ModelBinding.ParameterBinder.BindModelAsync(ActionContext actionContext, IModelBinder modelBinder, IValueProvider valueProvider, ParameterDescriptor parameter, ModelMetadata metadata, Object value, Object container)&#xD;
   at Microsoft.AspNetCore.Mvc.Controllers.ControllerBinderDelegateProvider.&lt;&gt;c__DisplayClass0_0.&lt;&lt;CreateBinderDelegate&gt;g__Bind|0&gt;d.MoveNext()&#xD;
--- End of stack trace from previous location ---&#xD;
   at Microsoft.AspNetCore.Mvc.Infrastructure.ControllerActionInvoker.&lt;InvokeInnerFilterAsync&gt;g__Awaited|13_0(ControllerActionInvoker invoker, Task lastTask, State next, Scope scope, Object state, Boolean isCompleted)&#xD;
   at Microsoft.AspNetCore.Mvc.Infrastructure.ResourceInvoker.&lt;InvokeFilterPipelineAsync&gt;g__Awaited|20_0(ResourceInvoker invoker, Task lastTask, State next, Scope scope, Object state, Boolean isCompleted)&#xD;
   at Microsoft.AspNetCore.Mvc.Infrastructure.ResourceInvoker.&lt;InvokeAsync&gt;g__Awaited|17_0(ResourceInvoker invoker, Task task, IDisposable scope)&#xD;
   at Microsoft.AspNetCore.Mvc.Infrastructure.ResourceInvoker.&lt;InvokeAsync&gt;g__Awaited|17_0(ResourceInvoker invoker, Task task, IDisposable scope)&#xD;
   at Microsoft.AspNetCore.Authorization.AuthorizationMiddleware.Invoke(HttpContext context)&#xD;
   at Microsoft.AspNetCore.Authentication.AuthenticationMiddleware.Invoke(HttpContext context)&#xD;
   at Microsoft.AspNetCore.TestHost.HttpContextBuilder.&lt;&gt;c__DisplayClass23_0.&lt;&lt;SendAsync&gt;g__RunRequestAsync|0&gt;d.MoveNext()&#xD;
--- End of stack trace from previous location ---&#xD;
   at Microsoft.AspNetCore.TestHost.ClientHandler.SendAsync(HttpRequestMessage request, CancellationToken cancellationToken)&#xD;
   at Microsoft.AspNetCore.Mvc.Testing.Handlers.CookieContainerHandler.SendAsync(HttpRequestMessage request, CancellationToken cancellationToken)&#xD;
   at Microsoft.AspNetCore.Mvc.Testing.Handlers.RedirectHandler.SendAsync(HttpRequestMessage request, CancellationToken cancellationToken)&#xD;
   at System.Net.Http.HttpClient.&lt;SendAsync&gt;g__Core|83_0(HttpRequestMessage request, HttpCompletionOption completionOption, CancellationTokenSource cts, Boolean disposeCts, CancellationTokenSource pendingRequestsCts, CancellationToken originalCancellationToken)&#xD;
   at BelaDesignHub.Api.Tests.Controllers.OrdersControllerTests.CreateCustomerAsync(String name, String email) in C:\git\bela-design-hub\backend\tests\BelaDesignHub.Api.Tests\Controllers\OrdersControllerTests.cs:line 145&#xD;
   at BelaDesignHub.Api.Tests.Controllers.OrdersControllerTests.UpdateOrder_ShouldReplaceItemsAndUpdateStatus() in C:\git\bela-design-hub\backend\tests\BelaDesignHub.Api.Tests\Controllers\OrdersControllerTests.cs:line 56&#xD;
--- End of stack trace from previous location ---</StackTrace>
        </ErrorInfo>
      </Output>
    </UnitTestResult>
    <UnitTestResult executionId="a30d101a-f2e5-4d97-8dd7-9e1a203d618a" testId="82f68e62-753f-6a53-b665-d813eabe9983" testName="BelaDesignHub.Api.Tests.Controllers.CustomersControllerTests.UpdateCustomer_ShouldReturnUpdatedCustomer" computerName="DESKTOP-EDAQIN7" duration="00:00:00.0048514" startTime="2026-02-07T11:49:32.1573685-03:00" endTime="2026-02-07T11:49:32.1573686-03:00" testType="13cdc9d9-ddb5-4fa4-a97d-d965ccfc6d4b" outcome="Failed" testListId="8c84fa94-04c1-424b-9868-57a2d4851a1d" relativeResultsDirectory="a30d101a-f2e5-4d97-8dd7-9e1a203d618a">
      <Output>
        <ErrorInfo>
          <Message>System.InvalidOperationException : Record type 'BelaDesignHub.Application.Models.Requests.CreateCustomerRequest' has validation metadata defined on property 'Address' that will be ignored. 'Address' is a parameter in the record primary constructor and validation metadata must be associated with the constructor parameter.</Message>
          <StackTrace>   at Microsoft.AspNetCore.Mvc.ModelBinding.ModelMetadata.ThrowIfRecordTypeHasValidationOnProperties()&#xD;
   at Microsoft.AspNetCore.Mvc.ModelBinding.Validation.DefaultComplexObjectValidationStrategy.Enumerator..ctor(ModelMetadata modelMetadata, String key, Object model)&#xD;
   at Microsoft.AspNetCore.Mvc.ModelBinding.Validation.DefaultComplexObjectValidationStrategy.GetChildren(ModelMetadata metadata, String key, Object model)&#xD;
   at Microsoft.AspNetCore.Mvc.ModelBinding.Validation.ValidationVisitor.VisitChildren(IValidationStrategy strategy)&#xD;
   at Microsoft.AspNetCore.Mvc.ModelBinding.Validation.ValidationVisitor.VisitComplexType(IValidationStrategy defaultStrategy)&#xD;
   at Microsoft.AspNetCore.Mvc.ModelBinding.Validation.ValidationVisitor.VisitImplementation(ModelMetadata&amp; metadata, String&amp; key, Object model)&#xD;
   at Microsoft.AspNetCore.Mvc.ModelBinding.Validation.ValidationVisitor.Visit(ModelMetadata metadata, String key, Object model)&#xD;
   at Microsoft.AspNetCore.Mvc.ModelBinding.ObjectModelValidator.Validate(ActionContext actionContext, ValidationStateDictionary validationState, String prefix, Object model, ModelMetadata metadata, Object container)&#xD;
   at Microsoft.AspNetCore.Mvc.ModelBinding.ParameterBinder.EnforceBindRequiredAndValidate(ObjectModelValidator baseObjectValidator, ActionContext actionContext, ParameterDescriptor parameter, ModelMetadata metadata, ModelBindingContext modelBindingContext, ModelBindingResult modelBindingResult, Object container)&#xD;
   at Microsoft.AspNetCore.Mvc.ModelBinding.ParameterBinder.BindModelAsync(ActionContext actionContext, IModelBinder modelBinder, IValueProvider valueProvider, ParameterDescriptor parameter, ModelMetadata metadata, Object value, Object container)&#xD;
   at Microsoft.AspNetCore.Mvc.Controllers.ControllerBinderDelegateProvider.&lt;&gt;c__DisplayClass0_0.&lt;&lt;CreateBinderDelegate&gt;g__Bind|0&gt;d.MoveNext()&#xD;
--- End of stack trace from previous location ---&#xD;
   at Microsoft.AspNetCore.Mvc.Infrastructure.ControllerActionInvoker.&lt;InvokeInnerFilterAsync&gt;g__Awaited|13_0(ControllerActionInvoker invoker, Task lastTask, State next, Scope scope, Object state, Boolean isCompleted)&#xD;
   at Microsoft.AspNetCore.Mvc.Infrastructure.ResourceInvoker.&lt;InvokeFilterPipelineAsync&gt;g__Awaited|20_0(ResourceInvoker invoker, Task lastTask, State next, Scope scope, Object state, Boolean isCompleted)&#xD;
   at Microsoft.AspNetCore.Mvc.Infrastructure.ResourceInvoker.&lt;InvokeAsync&gt;g__Awaited|17_0(ResourceInvoker invoker, Task task, IDisposable scope)&#xD;
   at Microsoft.AspNetCore.Mvc.Infrastructure.ResourceInvoker.&lt;InvokeAsync&gt;g__Awaited|17_0(ResourceInvoker invoker, Task task, IDisposable scope)&#xD;
   at Microsoft.AspNetCore.Authorization.AuthorizationMiddleware.Invoke(HttpContext context)&#xD;
   at Microsoft.AspNetCore.Authentication.AuthenticationMiddleware.Invoke(HttpContext context)&#xD;
   at Microsoft.AspNetCore.TestHost.HttpContextBuilder.&lt;&gt;c__DisplayClass23_0.&lt;&lt;SendAsync&gt;g__RunRequestAsync|0&gt;d.MoveNext()&#xD;
--- End of stack trace from previous location ---&#xD;
   at Microsoft.AspNetCore.TestHost.ClientHandler.SendAsync(HttpRequestMessage request, CancellationToken cancellationToken)&#xD;
   at Microsoft.AspNetCore.Mvc.Testing.Handlers.CookieContainerHandler.SendAsync(HttpRequestMessage request, CancellationToken cancellationToken)&#xD;
   at Microsoft.AspNetCore.Mvc.Testing.Handlers.RedirectHandler.SendAsync(HttpRequestMessage request, CancellationToken cancellationToken)&#xD;
   at System.Net.Http.HttpClient.&lt;SendAsync&gt;g__Core|83_0(HttpRequestMessage request, HttpCompletionOption completionOption, CancellationTokenSource cts, Boolean disposeCts, CancellationTokenSource pendingRequestsCts, CancellationToken originalCancellationToken)&#xD;
   at BelaDesignHub.Api.Tests.Controllers.CustomersControllerTests.CreateCustomerAsync(String name, String email) in C:\git\bela-design-hub\backend\tests\BelaDesignHub.Api.Tests\Controllers\CustomersControllerTests.cs:line 95&#xD;
   at BelaDesignHub.Api.Tests.Controllers.CustomersControllerTests.UpdateCustomer_ShouldReturnUpdatedCustomer() in C:\git\bela-design-hub\backend\tests\BelaDesignHub.Api.Tests\Controllers\CustomersControllerTests.cs:line 41&#xD;
--- End of stack trace from previous location ---</StackTrace>
        </ErrorInfo>
      </Output>
    </UnitTestResult>
    <UnitTestResult executionId="4083cd94-0c32-4d8f-8c4f-426fc0e0db29" testId="781dc9ad-a2bc-89af-03d0-a6e4acfd1a6b" testName="BelaDesignHub.Api.Tests.Controllers.ExpensesControllerTests.CreateExpense_ThenFilterByDate_ShouldReturnEntry" computerName="DESKTOP-EDAQIN7" duration="00:00:00.7284203" startTime="2026-02-07T11:49:32.3282104-03:00" endTime="2026-02-07T11:49:32.3282106-03:00" testType="13cdc9d9-ddb5-4fa4-a97d-d965ccfc6d4b" outcome="Passed" testListId="8c84fa94-04c1-424b-9868-57a2d4851a1d" relativeResultsDirectory="4083cd94-0c32-4d8f-8c4f-426fc0e0db29" />
  </Results>
  <TestDefinitions>
    <UnitTest name="BelaDesignHub.Api.Tests.Controllers.OrdersControllerTests.CreateOrder_ShouldReturnOrderWithItems" storage="c:\git\bela-design-hub\backend\tests\beladesignhub.api.tests\bin\debug\net8.0\beladesignhub.api.tests.dll" id="4d6872f2-89d4-a240-b5cf-ae64e865ee44">
      <Execution id="ab801580-42a5-42c2-af0a-a894a260cb27" />
      <TestMethod codeBase="C:\git\bela-design-hub\backend\tests\BelaDesignHub.Api.Tests\bin\Debug\net8.0\BelaDesignHub.Api.Tests.dll" adapterTypeName="executor://xunit/VsTestRunner2/netcoreapp" className="BelaDesignHub.Api.Tests.Controllers.OrdersControllerTests" name="CreateOrder_ShouldReturnOrderWithItems" />
    </UnitTest>
    <UnitTest name="BelaDesignHub.Api.Tests.Controllers.OrdersControllerTests.GetOrders_FilterByCustomer_ShouldReturnOnlyCustomerOrders" storage="c:\git\bela-design-hub\backend\tests\beladesignhub.api.tests\bin\debug\net8.0\beladesignhub.api.tests.dll" id="74c2368f-23d8-2844-094b-7aba2a8aebc0">
      <Execution id="86a62caf-392e-4c87-a2c0-50ad8934136c" />
      <TestMethod codeBase="C:\git\bela-design-hub\backend\tests\BelaDesignHub.Api.Tests\bin\Debug\net8.0\BelaDesignHub.Api.Tests.dll" adapterTypeName="executor://xunit/VsTestRunner2/netcoreapp" className="BelaDesignHub.Api.Tests.Controllers.OrdersControllerTests" name="GetOrders_FilterByCustomer_ShouldReturnOnlyCustomerOrders" />
    </UnitTest>
    <UnitTest name="BelaDesignHub.Api.Tests.Controllers.ExpensesControllerTests.CreateExpense_ThenFilterByDate_ShouldReturnEntry" storage="c:\git\bela-design-hub\backend\tests\beladesignhub.api.tests\bin\debug\net8.0\beladesignhub.api.tests.dll" id="781dc9ad-a2bc-89af-03d0-a6e4acfd1a6b">
      <Execution id="4083cd94-0c32-4d8f-8c4f-426fc0e0db29" />
      <TestMethod codeBase="C:\git\bela-design-hub\backend\tests\BelaDesignHub.Api.Tests\bin\Debug\net8.0\BelaDesignHub.Api.Tests.dll" adapterTypeName="executor://xunit/VsTestRunner2/netcoreapp" className="BelaDesignHub.Api.Tests.Controllers.ExpensesControllerTests" name="CreateExpense_ThenFilterByDate_ShouldReturnEntry" />
    </UnitTest>
    <UnitTest name="BelaDesignHub.Api.Tests.Controllers.OrdersControllerTests.DeleteOrder_ShouldReturnNotFoundAfterDeletion" storage="c:\git\bela-design-hub\backend\tests\beladesignhub.api.tests\bin\debug\net8.0\beladesignhub.api.tests.dll" id="e7ad7d14-1c9f-9c1f-6eea-4b9fe78ad81b">
      <Execution id="8547726f-837c-43a7-9f97-3954f4be6025" />
      <TestMethod codeBase="C:\git\bela-design-hub\backend\tests\BelaDesignHub.Api.Tests\bin\Debug\net8.0\BelaDesignHub.Api.Tests.dll" adapterTypeName="executor://xunit/VsTestRunner2/netcoreapp" className="BelaDesignHub.Api.Tests.Controllers.OrdersControllerTests" name="DeleteOrder_ShouldReturnNotFoundAfterDeletion" />
    </UnitTest>
    <UnitTest name="BelaDesignHub.Api.Tests.Controllers.CustomersControllerTests.GetCustomerById_ShouldReturnPersistedCustomer" storage="c:\git\bela-design-hub\backend\tests\beladesignhub.api.tests\bin\debug\net8.0\beladesignhub.api.tests.dll" id="1ccb83c2-cbdc-be01-809c-cafb8498c345">
      <Execution id="f8a3afce-b466-49b3-8692-450dcd8548bb" />
      <TestMethod codeBase="C:\git\bela-design-hub\backend\tests\BelaDesignHub.Api.Tests\bin\Debug\net8.0\BelaDesignHub.Api.Tests.dll" adapterTypeName="executor://xunit/VsTestRunner2/netcoreapp" className="BelaDesignHub.Api.Tests.Controllers.CustomersControllerTests" name="GetCustomerById_ShouldReturnPersistedCustomer" />
    </UnitTest>
    <UnitTest name="BelaDesignHub.Api.Tests.Controllers.ExpensesControllerTests.DeleteExpense_ShouldReturnNoContentAndNotFoundAfterwards" storage="c:\git\bela-design-hub\backend\tests\beladesignhub.api.tests\bin\debug\net8.0\beladesignhub.api.tests.dll" id="469f79db-9d1e-93c3-1688-61c2f2083f6a">
      <Execution id="d645aea1-5585-464c-9382-ff66e9a610fc" />
      <TestMethod codeBase="C:\git\bela-design-hub\backend\tests\BelaDesignHub.Api.Tests\bin\Debug\net8.0\BelaDesignHub.Api.Tests.dll" adapterTypeName="executor://xunit/VsTestRunner2/netcoreapp" className="BelaDesignHub.Api.Tests.Controllers.ExpensesControllerTests" name="DeleteExpense_ShouldReturnNoContentAndNotFoundAfterwards" />
    </UnitTest>
    <UnitTest name="BelaDesignHub.Api.Tests.Controllers.ExpensesControllerTests.UpdateExpense_ShouldReturnUpdatedEntity" storage="c:\git\bela-design-hub\backend\tests\beladesignhub.api.tests\bin\debug\net8.0\beladesignhub.api.tests.dll" id="140138b4-7379-828f-3ff8-b0c0be150d6b">
      <Execution id="d6a31fe4-5c78-42da-8af1-658cc04d989e" />
      <TestMethod codeBase="C:\git\bela-design-hub\backend\tests\BelaDesignHub.Api.Tests\bin\Debug\net8.0\BelaDesignHub.Api.Tests.dll" adapterTypeName="executor://xunit/VsTestRunner2/netcoreapp" className="BelaDesignHub.Api.Tests.Controllers.ExpensesControllerTests" name="UpdateExpense_ShouldReturnUpdatedEntity" />
    </UnitTest>
    <UnitTest name="BelaDesignHub.Api.Tests.Controllers.CustomersControllerTests.UpdateCustomer_ShouldReturnUpdatedCustomer" storage="c:\git\bela-design-hub\backend\tests\beladesignhub.api.tests\bin\debug\net8.0\beladesignhub.api.tests.dll" id="82f68e62-753f-6a53-b665-d813eabe9983">
      <Execution id="a30d101a-f2e5-4d97-8dd7-9e1a203d618a" />
      <TestMethod codeBase="C:\git\bela-design-hub\backend\tests\BelaDesignHub.Api.Tests\bin\Debug\net8.0\BelaDesignHub.Api.Tests.dll" adapterTypeName="executor://xunit/VsTestRunner2/netcoreapp" className="BelaDesignHub.Api.Tests.Controllers.CustomersControllerTests" name="UpdateCustomer_ShouldReturnUpdatedCustomer" />
    </UnitTest>
    <UnitTest name="BelaDesignHub.Api.Tests.Controllers.CustomersControllerTests.CreateCustomer_ShouldPersistAndReturnCustomer" storage="c:\git\bela-design-hub\backend\tests\beladesignhub.api.tests\bin\debug\net8.0\beladesignhub.api.tests.dll" id="16a33459-5145-fa3e-bb1c-7d6c7e783841">
      <Execution id="241077cd-1c51-4a95-aef6-51fee5833e16" />
      <TestMethod codeBase="C:\git\bela-design-hub\backend\tests\BelaDesignHub.Api.Tests\bin\Debug\net8.0\BelaDesignHub.Api.Tests.dll" adapterTypeName="executor://xunit/VsTestRunner2/netcoreapp" className="BelaDesignHub.Api.Tests.Controllers.CustomersControllerTests" name="CreateCustomer_ShouldPersistAndReturnCustomer" />
    </UnitTest>
    <UnitTest name="BelaDesignHub.Api.Tests.Controllers.ExpensesControllerTests.UpdateExpense_WhenDoesNotExist_ShouldReturnNotFound" storage="c:\git\bela-design-hub\backend\tests\beladesignhub.api.tests\bin\debug\net8.0\beladesignhub.api.tests.dll" id="a01286e0-bd84-4dd3-edc8-dbeb3d41f95c">
      <Execution id="bb1d7ccf-93e6-4e66-9cd0-5e2f67c939b2" />
      <TestMethod codeBase="C:\git\bela-design-hub\backend\tests\BelaDesignHub.Api.Tests\bin\Debug\net8.0\BelaDesignHub.Api.Tests.dll" adapterTypeName="executor://xunit/VsTestRunner2/netcoreapp" className="BelaDesignHub.Api.Tests.Controllers.ExpensesControllerTests" name="UpdateExpense_WhenDoesNotExist_ShouldReturnNotFound" />
    </UnitTest>
    <UnitTest name="BelaDesignHub.Api.Tests.Controllers.OrdersControllerTests.GetOrderById_ShouldReturnCreatedOrder" storage="c:\git\bela-design-hub\backend\tests\beladesignhub.api.tests\bin\debug\net8.0\beladesignhub.api.tests.dll" id="322f1bc7-f24b-e58c-f545-303515143c5b">
      <Execution id="6e65236e-d200-4685-a898-3a2da300dcf7" />
      <TestMethod codeBase="C:\git\bela-design-hub\backend\tests\BelaDesignHub.Api.Tests\bin\Debug\net8.0\BelaDesignHub.Api.Tests.dll" adapterTypeName="executor://xunit/VsTestRunner2/netcoreapp" className="BelaDesignHub.Api.Tests.Controllers.OrdersControllerTests" name="GetOrderById_ShouldReturnCreatedOrder" />
    </UnitTest>
    <UnitTest name="BelaDesignHub.Api.Tests.Controllers.CustomersControllerTests.DeleteCustomer_ShouldRemoveCustomer" storage="c:\git\bela-design-hub\backend\tests\beladesignhub.api.tests\bin\debug\net8.0\beladesignhub.api.tests.dll" id="a936ee88-c743-6d39-c3e8-ec2832b6662b">
      <Execution id="1635103f-bb51-46e9-a279-42ab94e3f506" />
      <TestMethod codeBase="C:\git\bela-design-hub\backend\tests\BelaDesignHub.Api.Tests\bin\Debug\net8.0\BelaDesignHub.Api.Tests.dll" adapterTypeName="executor://xunit/VsTestRunner2/netcoreapp" className="BelaDesignHub.Api.Tests.Controllers.CustomersControllerTests" name="DeleteCustomer_ShouldRemoveCustomer" />
    </UnitTest>
    <UnitTest name="BelaDesignHub.Api.Tests.Controllers.OrdersControllerTests.UpdateOrder_ShouldReplaceItemsAndUpdateStatus" storage="c:\git\bela-design-hub\backend\tests\beladesignhub.api.tests\bin\debug\net8.0\beladesignhub.api.tests.dll" id="c7a4a115-e85f-43a9-aeda-c2f849b516d4">
      <Execution id="82f998e2-8891-4961-b0a0-f60870e297e2" />
      <TestMethod codeBase="C:\git\bela-design-hub\backend\tests\BelaDesignHub.Api.Tests\bin\Debug\net8.0\BelaDesignHub.Api.Tests.dll" adapterTypeName="executor://xunit/VsTestRunner2/netcoreapp" className="BelaDesignHub.Api.Tests.Controllers.OrdersControllerTests" name="UpdateOrder_ShouldReplaceItemsAndUpdateStatus" />
    </UnitTest>
    <UnitTest name="BelaDesignHub.Api.Tests.Controllers.CustomersControllerTests.UpdateCustomer_WhenDoesNotExist_ShouldReturnNotFound" storage="c:\git\bela-design-hub\backend\tests\beladesignhub.api.tests\bin\debug\net8.0\beladesignhub.api.tests.dll" id="bef8ef1e-ddf3-5211-4a24-223487a60fc9">
      <Execution id="948daa50-6c58-4901-8035-194a894a0102" />
      <TestMethod codeBase="C:\git\bela-design-hub\backend\tests\BelaDesignHub.Api.Tests\bin\Debug\net8.0\BelaDesignHub.Api.Tests.dll" adapterTypeName="executor://xunit/VsTestRunner2/netcoreapp" className="BelaDesignHub.Api.Tests.Controllers.CustomersControllerTests" name="UpdateCustomer_WhenDoesNotExist_ShouldReturnNotFound" />
    </UnitTest>
    <UnitTest name="BelaDesignHub.Api.Tests.Controllers.OrdersControllerTests.UpdateOrder_WhenDoesNotExist_ShouldReturnNotFound" storage="c:\git\bela-design-hub\backend\tests\beladesignhub.api.tests\bin\debug\net8.0\beladesignhub.api.tests.dll" id="c7a7d11b-5009-a123-8a4f-01eea2c0f7d2">
      <Execution id="a3e3b479-a91e-4f28-a454-596f2c3aa48d" />
      <TestMethod codeBase="C:\git\bela-design-hub\backend\tests\BelaDesignHub.Api.Tests\bin\Debug\net8.0\BelaDesignHub.Api.Tests.dll" adapterTypeName="executor://xunit/VsTestRunner2/netcoreapp" className="BelaDesignHub.Api.Tests.Controllers.OrdersControllerTests" name="UpdateOrder_WhenDoesNotExist_ShouldReturnNotFound" />
    </UnitTest>
    <UnitTest name="BelaDesignHub.Api.Tests.Controllers.ExpensesControllerTests.GetExpenseById_ShouldReturnPersistedExpense" storage="c:\git\bela-design-hub\backend\tests\beladesignhub.api.tests\bin\debug\net8.0\beladesignhub.api.tests.dll" id="eefdba43-c5c4-43fb-eb24-b915c6bdba56">
      <Execution id="8b694bc7-dd66-4787-8c5d-5cfa18d6f0c2" />
      <TestMethod codeBase="C:\git\bela-design-hub\backend\tests\BelaDesignHub.Api.Tests\bin\Debug\net8.0\BelaDesignHub.Api.Tests.dll" adapterTypeName="executor://xunit/VsTestRunner2/netcoreapp" className="BelaDesignHub.Api.Tests.Controllers.ExpensesControllerTests" name="GetExpenseById_ShouldReturnPersistedExpense" />
    </UnitTest>
  </TestDefinitions>
  <TestEntries>
    <TestEntry testId="bef8ef1e-ddf3-5211-4a24-223487a60fc9" executionId="948daa50-6c58-4901-8035-194a894a0102" testListId="8c84fa94-04c1-424b-9868-57a2d4851a1d" />
    <TestEntry testId="322f1bc7-f24b-e58c-f545-303515143c5b" executionId="6e65236e-d200-4685-a898-3a2da300dcf7" testListId="8c84fa94-04c1-424b-9868-57a2d4851a1d" />
    <TestEntry testId="140138b4-7379-828f-3ff8-b0c0be150d6b" executionId="d6a31fe4-5c78-42da-8af1-658cc04d989e" testListId="8c84fa94-04c1-424b-9868-57a2d4851a1d" />
    <TestEntry testId="e7ad7d14-1c9f-9c1f-6eea-4b9fe78ad81b" executionId="8547726f-837c-43a7-9f97-3954f4be6025" testListId="8c84fa94-04c1-424b-9868-57a2d4851a1d" />
    <TestEntry testId="c7a7d11b-5009-a123-8a4f-01eea2c0f7d2" executionId="a3e3b479-a91e-4f28-a454-596f2c3aa48d" testListId="8c84fa94-04c1-424b-9868-57a2d4851a1d" />
    <TestEntry testId="469f79db-9d1e-93c3-1688-61c2f2083f6a" executionId="d645aea1-5585-464c-9382-ff66e9a610fc" testListId="8c84fa94-04c1-424b-9868-57a2d4851a1d" />
    <TestEntry testId="a01286e0-bd84-4dd3-edc8-dbeb3d41f95c" executionId="bb1d7ccf-93e6-4e66-9cd0-5e2f67c939b2" testListId="8c84fa94-04c1-424b-9868-57a2d4851a1d" />
    <TestEntry testId="eefdba43-c5c4-43fb-eb24-b915c6bdba56" executionId="8b694bc7-dd66-4787-8c5d-5cfa18d6f0c2" testListId="8c84fa94-04c1-424b-9868-57a2d4851a1d" />
    <TestEntry testId="a936ee88-c743-6d39-c3e8-ec2832b6662b" executionId="1635103f-bb51-46e9-a279-42ab94e3f506" testListId="8c84fa94-04c1-424b-9868-57a2d4851a1d" />
    <TestEntry testId="1ccb83c2-cbdc-be01-809c-cafb8498c345" executionId="f8a3afce-b466-49b3-8692-450dcd8548bb" testListId="8c84fa94-04c1-424b-9868-57a2d4851a1d" />
    <TestEntry testId="4d6872f2-89d4-a240-b5cf-ae64e865ee44" executionId="ab801580-42a5-42c2-af0a-a894a260cb27" testListId="8c84fa94-04c1-424b-9868-57a2d4851a1d" />
    <TestEntry testId="74c2368f-23d8-2844-094b-7aba2a8aebc0" executionId="86a62caf-392e-4c87-a2c0-50ad8934136c" testListId="8c84fa94-04c1-424b-9868-57a2d4851a1d" />
    <TestEntry testId="16a33459-5145-fa3e-bb1c-7d6c7e783841" executionId="241077cd-1c51-4a95-aef6-51fee5833e16" testListId="8c84fa94-04c1-424b-9868-57a2d4851a1d" />
    <TestEntry testId="c7a4a115-e85f-43a9-aeda-c2f849b516d4" executionId="82f998e2-8891-4961-b0a0-f60870e297e2" testListId="8c84fa94-04c1-424b-9868-57a2d4851a1d" />
    <TestEntry testId="82f68e62-753f-6a53-b665-d813eabe9983" executionId="a30d101a-f2e5-4d97-8dd7-9e1a203d618a" testListId="8c84fa94-04c1-424b-9868-57a2d4851a1d" />
    <TestEntry testId="781dc9ad-a2bc-89af-03d0-a6e4acfd1a6b" executionId="4083cd94-0c32-4d8f-8c4f-426fc0e0db29" testListId="8c84fa94-04c1-424b-9868-57a2d4851a1d" />
  </TestEntries>
  <TestLists>
    <TestList name="Resultados que não estão em uma lista" id="8c84fa94-04c1-424b-9868-57a2d4851a1d" />
    <TestList name="Todos os resultados carregados" id="19431567-8539-422a-85d7-44ee4e166bda" />
  </TestLists>
  <ResultSummary outcome="Failed">
    <Counters total="16" executed="16" passed="5" failed="11" error="0" timeout="0" aborted="0" inconclusive="0" passedButRunAborted="0" notRunnable="0" notExecuted="0" disconnected="0" warning="0" completed="0" inProgress="0" pending="0" />
    <Output>
      <StdOut>[xUnit.net 00:00:00.00] xUnit.net VSTest Adapter v2.5.3.1+6b60a9e56a (64-bit .NET 8.0.23)&#xD;
[xUnit.net 00:00:00.09]   Discovering: BelaDesignHub.Api.Tests&#xD;
[xUnit.net 00:00:00.11]   Discovered:  BelaDesignHub.Api.Tests&#xD;
[xUnit.net 00:00:00.11]   Starting:    BelaDesignHub.Api.Tests&#xD;
info: Microsoft.EntityFrameworkCore.Update[30100]&#xD;
      Saved 0 entities to in-memory store.&#xD;
warn: Microsoft.AspNetCore.HttpsPolicy.HttpsRedirectionMiddleware[3]&#xD;
      Failed to determine the https port for redirect.&#xD;
warn: Microsoft.AspNetCore.HttpsPolicy.HttpsRedirectionMiddleware[3]&#xD;
      Failed to determine the https port for redirect.&#xD;
warn: Microsoft.AspNetCore.HttpsPolicy.HttpsRedirectionMiddleware[3]&#xD;
      Failed to determine the https port for redirect.&#xD;
[xUnit.net 00:00:00.70]       System.InvalidOperationException : Record type 'BelaDesignHub.Application.Models.Requests.CreateCustomerRequest' has validation metadata defined on property 'Address' that will be ignored. 'Address' is a parameter in the record primary constructor and validation metadata must be associated with the constructor parameter.&#xD;
[xUnit.net 00:00:00.70]       Stack Trace:&#xD;
[xUnit.net 00:00:00.70]            at Microsoft.AspNetCore.Mvc.ModelBinding.ModelMetadata.ThrowIfRecordTypeHasValidationOnProperties()&#xD;
[xUnit.net 00:00:00.70]            at Microsoft.AspNetCore.Mvc.ModelBinding.Validation.DefaultComplexObjectValidationStrategy.Enumerator..ctor(ModelMetadata modelMetadata, String key, Object model)&#xD;
[xUnit.net 00:00:00.70]            at Microsoft.AspNetCore.Mvc.ModelBinding.Validation.DefaultComplexObjectValidationStrategy.GetChildren(ModelMetadata metadata, String key, Object model)&#xD;
[xUnit.net 00:00:00.70]            at Microsoft.AspNetCore.Mvc.ModelBinding.Validation.ValidationVisitor.VisitChildren(IValidationStrategy strategy)&#xD;
[xUnit.net 00:00:00.70]            at Microsoft.AspNetCore.Mvc.ModelBinding.Validation.ValidationVisitor.VisitComplexType(IValidationStrategy defaultStrategy)&#xD;
[xUnit.net 00:00:00.70]            at Microsoft.AspNetCore.Mvc.ModelBinding.Validation.ValidationVisitor.VisitImplementation(ModelMetadata&amp; metadata, String&amp; key, Object model)&#xD;
[xUnit.net 00:00:00.70]            at Microsoft.AspNetCore.Mvc.ModelBinding.Validation.ValidationVisitor.Visit(ModelMetadata metadata, String key, Object model)&#xD;
[...]
[xUnit.net 00:00:00.76]            at Microsoft.AspNetCore.Mvc.ModelBinding.Validation.DefaultComplexObjectValidationStrategy.GetChildren(ModelMetadata metadata, String key, Object model)&#xD;
[xUnit.net 00:00:00.76]            at Microsoft.AspNetCore.Mvc.ModelBinding.Validation.ValidationVisitor.VisitChildren(IValidationStrategy strategy)&#xD;
[xUnit.net 00:00:00.76]            at Microsoft.AspNetCore.Mvc.ModelBinding.Validation.ValidationVisitor.VisitComplexType(IValidationStrategy defaultStrategy)&#xD;
[xUnit.net 00:00:00.76]            at Microsoft.AspNetCore.Mvc.ModelBinding.Validation.ValidationVisitor.VisitImplementation(ModelMetadata&amp; metadata, String&amp; key, Object model)&#xD;
[xUnit.net 00:00:00.76]            at Microsoft.AspNetCore.Mvc.ModelBinding.Validation.ValidationVisitor.Visit(ModelMetadata metadata, String key, Object model)&#xD;
[xUnit.net 00:00:00.76]            at Microsoft.AspNetCore.Mvc.ModelBinding.ObjectModelValidator.Validate(ActionContext actionContext, ValidationStateDictionary validationState, String prefix, Object model, ModelMetadata metadata, Object container)&#xD;
[xUnit.net 00:00:00.76]            at Microsoft.AspNetCore.Mvc.ModelBinding.ParameterBinder.EnforceBindRequiredAndValidate(ObjectModelValidator baseObjectValidator, ActionContext actionContext, ParameterDescriptor parameter, ModelMetadata metadata, ModelBindingContext modelBindingContext, ModelBindingResult modelBindingResult, Object container)&#xD;
[xUnit.net 00:00:00.76]            at Microsoft.AspNetCore.Mvc.ModelBinding.ParameterBinder.BindModelAsync(ActionContext actionContext, IModelBinder modelBinder, IValueProvider valueProvider, ParameterDescriptor parameter, ModelMetadata metadata, Object value, Object container)&#xD;
[xUnit.net 00:00:00.76]            at Microsoft.AspNetCore.Mvc.Controllers.ControllerBinderDelegateProvider.&lt;&gt;c__DisplayClass0_0.&lt;&lt;CreateBinderDelegate&gt;g__Bind|0&gt;d.MoveNext()&#xD;
[xUnit.net 00:00:00.76]         --- End of stack trace from previous location ---&#xD;
[xUnit.net 00:00:00.76]            at Microsoft.AspNetCore.Mvc.Infrastructure.ControllerActionInvoker.&lt;InvokeInnerFilterAsync&gt;g__Awaited|13_0(ControllerActionInvoker invoker, Task lastTask, State next, Scope scope, Object state, Boolean isCompleted)&#xD;
[xUnit.net 00:00:00.76]            at Microsoft.AspNetCore.Mvc.Infrastructure.ResourceInvoker.&lt;InvokeFilterPipelineAsync&gt;g__Awaited|20_0(ResourceInvoker invoker, Task lastTask, State next, Scope scope, Object state, Boolean isCompleted)&#xD;
[xUnit.net 00:00:00.76]            at Microsoft.AspNetCore.Mvc.Infrastructure.ResourceInvoker.&lt;InvokeAsync&gt;g__Awaited|17_0(ResourceInvoker invoker, Task task, IDisposable scope)&#xD;
[xUnit.net 00:00:00.76]            at Microsoft.AspNetCore.Mvc.Infrastructure.ResourceInvoker.&lt;InvokeAsync&gt;g__Awaited|17_0(ResourceInvoker invoker, Task task, IDisposable scope)&#xD;
[xUnit.net 00:00:00.76]            at Microsoft.AspNetCore.Authorization.AuthorizationMiddleware.Invoke(HttpContext context)&#xD;
[xUnit.net 00:00:00.76]            at Microsoft.AspNetCore.Authentication.AuthenticationMiddleware.Invoke(HttpContext context)&#xD;
[xUnit.net 00:00:00.76]            at Microsoft.AspNetCore.TestHost.HttpContextBuilder.&lt;&gt;c__DisplayClass23_0.&lt;&lt;SendAsync&gt;g__RunRequestAsync|0&gt;d.MoveNext()&#xD;
[xUnit.net 00:00:00.76]         --- End of stack trace from previous location ---&#xD;
[xUnit.net 00:00:00.76]            at Microsoft.AspNetCore.TestHost.ClientHandler.SendAsync(HttpRequestMessage request, CancellationToken cancellationToken)&#xD;
[xUnit.net 00:00:00.76]            at Microsoft.AspNetCore.Mvc.Testing.Handlers.CookieContainerHandler.SendAsync(HttpRequestMessage request, CancellationToken cancellationToken)&#xD;
[xUnit.net 00:00:00.76]            at Microsoft.AspNetCore.Mvc.Testing.Handlers.RedirectHandler.SendAsync(HttpRequestMessage request, CancellationToken cancellationToken)&#xD;
[xUnit.net 00:00:00.76]            at System.Net.Http.HttpClient.&lt;SendAsync&gt;g__Core|83_0(HttpRequestMessage request, HttpCompletionOption completionOption, CancellationTokenSource cts, Boolean disposeCts, CancellationTokenSource pendingRequestsCts, CancellationToken originalCancellationToken)&#xD;
[xUnit.net 00:00:00.76]         C:\git\bela-design-hub\backend\tests\BelaDesignHub.Api.Tests\Controllers\OrdersControllerTests.cs(145,0): at BelaDesignHub.Api.Tests.Controllers.OrdersControllerTests.CreateCustomerAsync(String name, String email)&#xD;
[xUnit.net 00:00:00.76]         C:\git\bela-design-hub\backend\tests\BelaDesignHub.Api.Tests\Controllers\OrdersControllerTests.cs(21,0): at BelaDesignHub.Api.Tests.Controllers.OrdersControllerTests.CreateOrder_ShouldReturnOrderWithItems()&#xD;
[xUnit.net 00:00:00.76]         --- End of stack trace from previous location ---&#xD;
[xUnit.net 00:00:00.76]       System.InvalidOperationException : Record type 'BelaDesignHub.Application.Models.Requests.CreateCustomerRequest' has validation metadata defined on property 'Address' that will be ignored. 'Address' is a parameter in the record primary constructor and validation metadata must be associated with the constructor parameter.&#xD;
[xUnit.net 00:00:00.76]       Stack Trace:&#xD;
[xUnit.net 00:00:00.76]            at Microsoft.AspNetCore.Mvc.ModelBinding.ModelMetadata.ThrowIfRecordTypeHasValidationOnProperties()&#xD;
[xUnit.net 00:00:00.76]            at Microsoft.AspNetCore.Mvc.ModelBinding.Validation.DefaultComplexObjectValidationStrategy.Enumerator..ctor(ModelMetadata modelMetadata, String key, Object model)&#xD;
[xUnit.net 00:00:00.76]            at Microsoft.AspNetCore.Mvc.ModelBinding.Validation.DefaultComplexObjectValidationStrategy.GetChildren(ModelMetadata metadata, String key, Object model)&#xD;
[xUnit.net 00:00:00.76]            at Microsoft.AspNetCore.Mvc.ModelBinding.Validation.ValidationVisitor.VisitChildren(IValidationStrategy strategy)&#xD;
[xUnit.net 00:00:00.76]            at Microsoft.AspNetCore.Mvc.ModelBinding.Validation.ValidationVisitor.VisitComplexType(IValidationStrategy defaultStrategy)&#xD;
[xUnit.net 00:00:00.76]            at Microsoft.AspNetCore.Mvc.ModelBinding.Validation.ValidationVisitor.VisitImplementation(ModelMetadata&amp; metadata, String&amp; key, Object model)&#xD;
[xUnit.net 00:00:00.76]            at Microsoft.AspNetCore.Mvc.ModelBinding.Validation.ValidationVisitor.Visit(ModelMetadata metadata, String key, Object model)&#xD;
[xUnit.net 00:00:00.76]            at Microsoft.AspNetCore.Mvc.ModelBinding.ObjectModelValidator.Validate(ActionContext actionContext, ValidationStateDictionary validationState, String prefix, Object model, ModelMetadata metadata, Object container)&#xD;
[xUnit.net 00:00:00.76]            at Microsoft.AspNetCore.Mvc.ModelBinding.ParameterBinder.EnforceBindRequiredAndValidate(ObjectModelValidator baseObjectValidator, ActionContext actionContext, ParameterDescriptor parameter, ModelMetadata metadata, ModelBindingContext modelBindingContext, ModelBindingResult modelBindingResult, Object container)&#xD;
[xUnit.net 00:00:00.76]            at Microsoft.AspNetCore.Mvc.ModelBinding.ParameterBinder.BindModelAsync(ActionContext actionContext, IModelBinder modelBinder, IValueProvider valueProvider, ParameterDescriptor parameter, ModelMetadata metadata, Object value, Object container)&#xD;
[xUnit.net 00:00:00.76]            at Microsoft.AspNetCore.Mvc.Controllers.ControllerBinderDelegateProvider.&lt;&gt;c__DisplayClass0_0.&lt;&lt;CreateBinderDelegate&gt;g__Bind|0&gt;d.MoveNext()&#xD;
[xUnit.net 00:00:00.76]         --- End of stack trace from previous location ---&#xD;
[xUnit.net 00:00:00.76]            at Microsoft.AspNetCore.Mvc.Infrastructure.ControllerActionInvoker.&lt;InvokeInnerFilterAsync&gt;g__Awaited|13_0(ControllerActionInvoker invoker, Task lastTask, State next, Scope scope, Object state, Boolean isCompleted)&#xD;
[xUnit.net 00:00:00.76]            at Microsoft.AspNetCore.Mvc.Infrastructure.ResourceInvoker.&lt;InvokeFilterPipelineAsync&gt;g__Awaited|20_0(ResourceInvoker invoker, Task lastTask, State next, Scope scope, Object state, Boolean isCompleted)&#xD;
[xUnit.net 00:00:00.76]            at Microsoft.AspNetCore.Mvc.Infrastructure.ResourceInvoker.&lt;InvokeAsync&gt;g__Awaited|17_0(ResourceInvoker invoker, Task task, IDisposable scope)&#xD;
[xUnit.net 00:00:00.76]            at Microsoft.AspNetCore.Mvc.Infrastructure.ResourceInvoker.&lt;InvokeAsync&gt;g__Awaited|17_0(ResourceInvoker invoker, Task task, IDisposable scope)&#xD;
[xUnit.net 00:00:00.76]            at Microsoft.AspNetCore.Authorization.AuthorizationMiddleware.Invoke(HttpContext context)&#xD;
[xUnit.net 00:00:00.76]            at Microsoft.AspNetCore.Authentication.AuthenticationMiddleware.Invoke(HttpContext context)&#xD;
[xUnit.net 00:00:00.76]            at Microsoft.AspNetCore.TestHost.HttpContextBuilder.&lt;&gt;c__DisplayClass23_0.&lt;&lt;SendAsync&gt;g__RunRequestAsync|0&gt;d.MoveNext()&#xD;
[xUnit.net 00:00:00.76]         --- End of stack trace from previous location ---&#xD;
[xUnit.net 00:00:00.76]            at Microsoft.AspNetCore.TestHost.ClientHandler.SendAsync(HttpRequestMessage request, CancellationToken cancellationToken)&#xD;
[xUnit.net 00:00:00.76]            at Microsoft.AspNetCore.Mvc.Testing.Handlers.CookieContainerHandler.SendAsync(HttpRequestMessage request, CancellationToken cancellationToken)&#xD;
[xUnit.net 00:00:00.76]            at Microsoft.AspNetCore.Mvc.Testing.Handlers.RedirectHandler.SendAsync(HttpRequestMessage request, CancellationToken cancellationToken)&#xD;
[xUnit.net 00:00:00.76]            at System.Net.Http.HttpClient.&lt;SendAsync&gt;g__Core|83_0(HttpRequestMessage request, HttpCompletionOption completionOption, CancellationTokenSource cts, Boolean disposeCts, CancellationTokenSource pendingRequestsCts, CancellationToken originalCancellationToken)&#xD;
[xUnit.net 00:00:00.76]         C:\git\bela-design-hub\backend\tests\BelaDesignHub.Api.Tests\Controllers\OrdersControllerTests.cs(145,0): at BelaDesignHub.Api.Tests.Controllers.OrdersControllerTests.CreateCustomerAsync(String name, String email)&#xD;
[xUnit.net 00:00:00.76]         C:\git\bela-design-hub\backend\tests\BelaDesignHub.Api.Tests\Controllers\OrdersControllerTests.cs(116,0): at BelaDesignHub.Api.Tests.Controllers.OrdersControllerTests.DeleteOrder_ShouldReturnNotFoundAfterDeletion()&#xD;
[xUnit.net 00:00:00.76]         --- End of stack trace from previous location ---&#xD;
[xUnit.net 00:00:00.76]       System.InvalidOperationException : Record type 'BelaDesignHub.Application.Models.Requests.CreateCustomerRequest' has validation metadata defined on property 'Address' that will be ignored. 'Address' is a parameter in the record primary constructor and validation metadata must be associated with the constructor parameter.&#xD;
[xUnit.net 00:00:00.76]       Stack Trace:&#xD;
[xUnit.net 00:00:00.76]            at Microsoft.AspNetCore.Mvc.ModelBinding.ModelMetadata.ThrowIfRecordTypeHasValidationOnProperties()&#xD;
[xUnit.net 00:00:00.76]            at Microsoft.AspNetCore.Mvc.ModelBinding.Validation.DefaultComplexObjectValidationStrategy.Enumerator..ctor(ModelMetadata modelMetadata, String key, Object model)&#xD;
[xUnit.net 00:00:00.76]            at Microsoft.AspNetCore.Mvc.ModelBinding.Validation.DefaultComplexObjectValidationStrategy.GetChildren(ModelMetadata metadata, String key, Object model)&#xD;
[xUnit.net 00:00:00.76]            at Microsoft.AspNetCore.Mvc.ModelBinding.Validation.ValidationVisitor.VisitChildren(IValidationStrategy strategy)&#xD;
[xUnit.net 00:00:00.76]            at Microsoft.AspNetCore.Mvc.ModelBinding.Validation.ValidationVisitor.VisitComplexType(IValidationStrategy defaultStrategy)&#xD;
[xUnit.net 00:00:00.76]            at Microsoft.AspNetCore.Mvc.ModelBinding.Validation.ValidationVisitor.VisitImplementation(ModelMetadata&amp; metadata, String&amp; key, Object model)&#xD;
[xUnit.net 00:00:00.76]            at Microsoft.AspNetCore.Mvc.ModelBinding.Validation.ValidationVisitor.Visit(ModelMetadata metadata, String key, Object model)&#xD;
[xUnit.net 00:00:00.76]            at Microsoft.AspNetCore.Mvc.ModelBinding.ObjectModelValidator.Validate(ActionContext actionContext, ValidationStateDictionary validationState, String prefix, Object model, ModelMetadata metadata, Object container)&#xD;
[xUnit.net 00:00:00.76]            at Microsoft.AspNetCore.Mvc.ModelBinding.ParameterBinder.EnforceBindRequiredAndValidate(ObjectModelValidator baseObjectValidator, ActionContext actionContext, ParameterDescriptor parameter, ModelMetadata metadata, ModelBindingContext modelBindingContext, ModelBindingResult modelBindingResult, Object container)&#xD;
[xUnit.net 00:00:00.76]            at Microsoft.AspNetCore.Mvc.ModelBinding.ParameterBinder.BindModelAsync(ActionContext actionContext, IModelBinder modelBinder, IValueProvider valueProvider, ParameterDescriptor parameter, ModelMetadata metadata, Object value, Object container)&#xD;
[xUnit.net 00:00:00.76]            at Microsoft.AspNetCore.Mvc.Controllers.ControllerBinderDelegateProvider.&lt;&gt;c__DisplayClass0_0.&lt;&lt;CreateBinderDelegate&gt;g__Bind|0&gt;d.MoveNext()&#xD;
[xUnit.net 00:00:00.76]         --- End of stack trace from previous location ---&#xD;
[xUnit.net 00:00:00.76]            at Microsoft.AspNetCore.Mvc.Infrastructure.ControllerActionInvoker.&lt;InvokeInnerFilterAsync&gt;g__Awaited|13_0(ControllerActionInvoker invoker, Task lastTask, State next, Scope scope, Object state, Boolean isCompleted)&#xD;
[xUnit.net 00:00:00.76]            at Microsoft.AspNetCore.Mvc.Infrastructure.ResourceInvoker.&lt;InvokeFilterPipelineAsync&gt;g__Awaited|20_0(ResourceInvoker invoker, Task lastTask, State next, Scope scope, Object state, Boolean isCompleted)&#xD;
[xUnit.net 00:00:00.76]            at Microsoft.AspNetCore.Mvc.Infrastructure.ResourceInvoker.&lt;InvokeAsync&gt;g__Awaited|17_0(ResourceInvoker invoker, Task task, IDisposable scope)&#xD;
[xUnit.net 00:00:00.76]            at Microsoft.AspNetCore.Mvc.Infrastructure.ResourceInvoker.&lt;InvokeAsync&gt;g__Awaited|17_0(ResourceInvoker invoker, Task task, IDisposable scope)&#xD;
[xUnit.net 00:00:00.76]            at Microsoft.AspNetCore.Authorization.AuthorizationMiddleware.Invoke(HttpContext context)&#xD;
[xUnit.net 00:00:00.76]            at Microsoft.AspNetCore.Authentication.AuthenticationMiddleware.Invoke(HttpContext context)&#xD;
[xUnit.net 00:00:00.76]            at Microsoft.AspNetCore.TestHost.HttpContextBuilder.&lt;&gt;c__DisplayClass23_0.&lt;&lt;SendAsync&gt;g__RunRequestAsync|0&gt;d.MoveNext()&#xD;
[xUnit.net 00:00:00.76]         --- End of stack trace from previous location ---&#xD;
[xUnit.net 00:00:00.76]            at Microsoft.AspNetCore.TestHost.ClientHandler.SendAsync(HttpRequestMessage request, CancellationToken cancellationToken)&#xD;
[xUnit.net 00:00:00.76]            at Microsoft.AspNetCore.Mvc.Testing.Handlers.CookieContainerHandler.SendAsync(HttpRequestMessage request, CancellationToken cancellationToken)&#xD;
[xUnit.net 00:00:00.76]            at Microsoft.AspNetCore.Mvc.Testing.Handlers.RedirectHandler.SendAsync(HttpRequestMessage request, CancellationToken cancellationToken)&#xD;
[xUnit.net 00:00:00.76]            at System.Net.Http.HttpClient.&lt;SendAsync&gt;g__Core|83_0(HttpRequestMessage request, HttpCompletionOption completionOption, CancellationTokenSource cts, Boolean disposeCts, CancellationTokenSource pendingRequestsCts, CancellationToken originalCancellationToken)&#xD;
[xUnit.net 00:00:00.76]         C:\git\bela-design-hub\backend\tests\BelaDesignHub.Api.Tests\Controllers\OrdersControllerTests.cs(145,0): at BelaDesignHub.Api.Tests.Controllers.OrdersControllerTests.CreateCustomerAsync(String name, String email)&#xD;
[xUnit.net 00:00:00.76]         C:\git\bela-design-hub\backend\tests\BelaDesignHub.Api.Tests\Controllers\OrdersControllerTests.cs(100,0): at BelaDesignHub.Api.Tests.Controllers.OrdersControllerTests.GetOrderById_ShouldReturnCreatedOrder()&#xD;
[xUnit.net 00:00:00.76]         --- End of stack trace from previous location ---&#xD;
info: Microsoft.EntityFrameworkCore.Update[30100]&#xD;
      Saved 1 entities to in-memory store.&#xD;
info: Microsoft.EntityFrameworkCore.Update[30100]&#xD;
      Saved 1 entities to in-memory store.&#xD;
info: Microsoft.EntityFrameworkCore.Update[30100]&#xD;
      Saved 1 entities to in-memory store.&#xD;
info: Microsoft.EntityFrameworkCore.Update[30100]&#xD;
      Saved 1 entities to in-memory store.&#xD;
info: Microsoft.EntityFrameworkCore.Update[30100]&#xD;
      Saved 1 entities to in-memory store.&#xD;
[xUnit.net 00:00:00.93]   Finished:    BelaDesignHub.Api.Tests&#xD;
</StdOut>
    </Output>
    <RunInfos>
      <RunInfo computerName="DESKTOP-EDAQIN7" outcome="Error" timestamp="2026-02-07T11:49:32.1504724-03:00">
        <Text>[xUnit.net 00:00:00.70]     BelaDesignHub.Api.Tests.Controllers.OrdersControllerTests.UpdateOrder_ShouldReplaceItemsAndUpdateStatus [FAIL]</Text>
      </RunInfo>
      <RunInfo computerName="DESKTOP-EDAQIN7" outcome="Error" timestamp="2026-02-07T11:49:32.1552982-03:00">
        <Text>[xUnit.net 00:00:00.70]     BelaDesignHub.Api.Tests.Controllers.CustomersControllerTests.GetCustomerById_ShouldReturnPersistedCustomer [FAIL]</Text>
      </RunInfo>
      <RunInfo computerName="DESKTOP-EDAQIN7" outcome="Error" timestamp="2026-02-07T11:49:32.1570207-03:00">
        <Text>[xUnit.net 00:00:00.70]     BelaDesignHub.Api.Tests.Controllers.CustomersControllerTests.UpdateCustomer_ShouldReturnUpdatedCustomer [FAIL]</Text>
      </RunInfo>
      <RunInfo computerName="DESKTOP-EDAQIN7" outcome="Error" timestamp="2026-02-07T11:49:32.1578881-03:00">
        <Text>[xUnit.net 00:00:00.70]     BelaDesignHub.Api.Tests.Controllers.CustomersControllerTests.CreateCustomer_ShouldPersistAndReturnCustomer [FAIL]</Text>
      </RunInfo>
      <RunInfo computerName="DESKTOP-EDAQIN7" outcome="Error" timestamp="2026-02-07T11:49:32.1596099-03:00">
        <Text>[xUnit.net 00:00:00.71]     BelaDesignHub.Api.Tests.Controllers.CustomersControllerTests.DeleteCustomer_ShouldRemoveCustomer [FAIL]</Text>
      </RunInfo>
      <RunInfo computerName="DESKTOP-EDAQIN7" outcome="Error" timestamp="2026-02-07T11:49:32.1667822-03:00">
        <Text>[xUnit.net 00:00:00.71]     BelaDesignHub.Api.Tests.Controllers.CustomersControllerTests.UpdateCustomer_WhenDoesNotExist_ShouldReturnNotFound [FAIL]</Text>
      </RunInfo>
      <RunInfo computerName="DESKTOP-EDAQIN7" outcome="Error" timestamp="2026-02-07T11:49:32.1732730-03:00">
        <Text>[xUnit.net 00:00:00.72]     BelaDesignHub.Api.Tests.Controllers.OrdersControllerTests.UpdateOrder_WhenDoesNotExist_ShouldReturnNotFound [FAIL]</Text>
      </RunInfo>
      <RunInfo computerName="DESKTOP-EDAQIN7" outcome="Error" timestamp="2026-02-07T11:49:32.1856065-03:00">
        <Text>[xUnit.net 00:00:00.73]     BelaDesignHub.Api.Tests.Controllers.OrdersControllerTests.GetOrders_FilterByCustomer_ShouldReturnOnlyCustomerOrders [FAIL]</Text>
      </RunInfo>
      <RunInfo computerName="DESKTOP-EDAQIN7" outcome="Error" timestamp="2026-02-07T11:49:32.3206306-03:00">
        <Text>[xUnit.net 00:00:00.76]     BelaDesignHub.Api.Tests.Controllers.OrdersControllerTests.CreateOrder_ShouldReturnOrderWithItems [FAIL]</Text>
      </RunInfo>
      <RunInfo computerName="DESKTOP-EDAQIN7" outcome="Error" timestamp="2026-02-07T11:49:32.3207106-03:00">
        <Text>[xUnit.net 00:00:00.76]     BelaDesignHub.Api.Tests.Controllers.OrdersControllerTests.DeleteOrder_ShouldReturnNotFoundAfterDeletion [FAIL]</Text>
      </RunInfo>
      <RunInfo computerName="DESKTOP-EDAQIN7" outcome="Error" timestamp="2026-02-07T11:49:32.3207819-03:00">
        <Text>[xUnit.net 00:00:00.76]     BelaDesignHub.Api.Tests.Controllers.OrdersControllerTests.GetOrderById_ShouldReturnCreatedOrder [FAIL]</Text>
      </RunInfo>
    </RunInfos>
  </ResultSummary>
</TestRun>